[GIN-debug] [WARNING] Running in "debug" mode. Switch to "release" mode in production.
 - using env:	export GIN_MODE=release
 - using code:	gin.SetMode(gin.ReleaseMode)

[GIN-debug] GET    /test                     --> gogin/routers.InitRouter.func1 (3 handlers)
[GIN-debug] POST   /user/:name/*action       --> gogin/routers.InitRouter.func2 (3 handlers)
[GIN-debug] GET    /swagger/*any             --> github.com/swaggo/gin-swagger.CustomWrapHandler.func1 (3 handlers)
[GIN-debug] GET    /auth                     --> gogin/routers/api/v1/controller.GetToken (3 handlers)
[GIN-debug] GET    /api/v1/tag/getTags       --> gogin/routers/api/v1/controller.GetTags (4 handlers)
[GIN-debug] GET    /api/v1/tag/getTag/:id    --> gogin/routers/api/v1/controller.GetTagById (4 handlers)
[GIN-debug] POST   /api/v1/tag/addTag        --> gogin/routers/api/v1/controller.AddTag (4 handlers)
[GIN-debug] PUT    /api/v1/tag/updateTag/:id --> gogin/routers/api/v1/controller.EditTag (4 handlers)
[GIN-debug] DELETE /api/v1/tag/delTag/:id    --> gogin/routers/api/v1/controller.RemoveTag (4 handlers)
[GIN-debug] POST   /api/v1/file/uploadOSS    --> gogin/routers/api/v1/controller.UploadOSS (4 handlers)
[GIN-debug] GET    /api/v1/file/downloadOSS  --> gogin/routers/api/v1/controller.DownloadOSS (4 handlers)
[GIN-debug] POST   /api/v1/file/testFile     --> gogin/routers/api/v1/controller.TestFile (4 handlers)
[GIN-debug] DELETE /api/v1/file/deleteOSS    --> gogin/routers/api/v1/controller.DeleteOSS (4 handlers)
[GIN-debug] GET    /api/v1/excel/importExcel --> gogin/routers/api/v1/controller.ImportExcel (4 handlers)
[GIN-debug] GET    /api/v1/excel/exportExcel --> gogin/routers/api/v1/controller.ExportExcel (4 handlers)
[GIN-debug] GET    /baidu                    --> gogin/routers.InitRouter.func3 (3 handlers)
[GIN-debug] GET    /long_async               --> gogin/routers.InitRouter.func4 (3 handlers)
[GIN-debug] GET    /long_sync                --> gogin/routers.InitRouter.func5 (3 handlers)
[GIN-debug] Loaded HTML Templates (2): 
	- 
	- index.html

[GIN-debug] GET    /index                    --> gogin/routers.InitRouter.func7 (3 handlers)
[GIN] 2022/05/10 - 09:54:31 | 200 |    232.9067ms |             ::1 | GET      "/api/v1/excel/exportExcel"
[GIN] 2022/05/10 - 09:54:54 | 200 |      2.1432ms |             ::1 | GET      "/api/v1/excel/exportExcel"
[GIN] 2022/05/10 - 09:55:33 | 200 |    34.926743s |             ::1 | GET      "/api/v1/excel/exportExcel"
[GIN-debug] [WARNING] Running in "debug" mode. Switch to "release" mode in production.
 - using env:	export GIN_MODE=release
 - using code:	gin.SetMode(gin.ReleaseMode)

[GIN-debug] GET    /test                     --> gogin/routers.InitRouter.func1 (3 handlers)
[GIN-debug] POST   /user/:name/*action       --> gogin/routers.InitRouter.func2 (3 handlers)
[GIN-debug] GET    /swagger/*any             --> github.com/swaggo/gin-swagger.CustomWrapHandler.func1 (3 handlers)
[GIN-debug] GET    /auth                     --> gogin/routers/api/v1/controller.GetToken (3 handlers)
[GIN-debug] GET    /api/v1/tag/getTags       --> gogin/routers/api/v1/controller.GetTags (4 handlers)
[GIN-debug] GET    /api/v1/tag/getTag/:id    --> gogin/routers/api/v1/controller.GetTagById (4 handlers)
[GIN-debug] POST   /api/v1/tag/addTag        --> gogin/routers/api/v1/controller.AddTag (4 handlers)
[GIN-debug] PUT    /api/v1/tag/updateTag/:id --> gogin/routers/api/v1/controller.EditTag (4 handlers)
[GIN-debug] DELETE /api/v1/tag/delTag/:id    --> gogin/routers/api/v1/controller.RemoveTag (4 handlers)
[GIN-debug] POST   /api/v1/file/uploadOSS    --> gogin/routers/api/v1/controller.UploadOSS (4 handlers)
[GIN-debug] GET    /api/v1/file/downloadOSS  --> gogin/routers/api/v1/controller.DownloadOSS (4 handlers)
[GIN-debug] POST   /api/v1/file/testFile     --> gogin/routers/api/v1/controller.TestFile (4 handlers)
[GIN-debug] DELETE /api/v1/file/deleteOSS    --> gogin/routers/api/v1/controller.DeleteOSS (4 handlers)
[GIN-debug] GET    /api/v1/excel/importExcel --> gogin/routers/api/v1/controller.ImportExcel (4 handlers)
[GIN-debug] GET    /api/v1/excel/exportExcel --> gogin/routers/api/v1/controller.ExportExcel (4 handlers)
[GIN-debug] GET    /baidu                    --> gogin/routers.InitRouter.func3 (3 handlers)
[GIN-debug] GET    /long_async               --> gogin/routers.InitRouter.func4 (3 handlers)
[GIN-debug] GET    /long_sync                --> gogin/routers.InitRouter.func5 (3 handlers)
[GIN-debug] Loaded HTML Templates (2): 
	- 
	- index.html

[GIN-debug] GET    /index                    --> gogin/routers.InitRouter.func7 (3 handlers)
[GIN] 2022/05/10 - 09:57:03 | 200 |    31.995607s |             ::1 | GET      "/api/v1/excel/exportExcel"
[GIN-debug] [WARNING] Running in "debug" mode. Switch to "release" mode in production.
 - using env:	export GIN_MODE=release
 - using code:	gin.SetMode(gin.ReleaseMode)

[GIN-debug] GET    /test                     --> gogin/routers.InitRouter.func1 (3 handlers)
[GIN-debug] POST   /user/:name/*action       --> gogin/routers.InitRouter.func2 (3 handlers)
[GIN-debug] GET    /swagger/*any             --> github.com/swaggo/gin-swagger.CustomWrapHandler.func1 (3 handlers)
[GIN-debug] GET    /auth                     --> gogin/routers/api/v1/controller.GetToken (3 handlers)
[GIN-debug] GET    /api/v1/tag/getTags       --> gogin/routers/api/v1/controller.GetTags (4 handlers)
[GIN-debug] GET    /api/v1/tag/getTag/:id    --> gogin/routers/api/v1/controller.GetTagById (4 handlers)
[GIN-debug] POST   /api/v1/tag/addTag        --> gogin/routers/api/v1/controller.AddTag (4 handlers)
[GIN-debug] PUT    /api/v1/tag/updateTag/:id --> gogin/routers/api/v1/controller.EditTag (4 handlers)
[GIN-debug] DELETE /api/v1/tag/delTag/:id    --> gogin/routers/api/v1/controller.RemoveTag (4 handlers)
[GIN-debug] POST   /api/v1/file/uploadOSS    --> gogin/routers/api/v1/controller.UploadOSS (4 handlers)
[GIN-debug] GET    /api/v1/file/downloadOSS  --> gogin/routers/api/v1/controller.DownloadOSS (4 handlers)
[GIN-debug] POST   /api/v1/file/testFile     --> gogin/routers/api/v1/controller.TestFile (4 handlers)
[GIN-debug] DELETE /api/v1/file/deleteOSS    --> gogin/routers/api/v1/controller.DeleteOSS (4 handlers)
[GIN-debug] GET    /api/v1/excel/importExcel --> gogin/routers/api/v1/controller.ImportExcel (4 handlers)
[GIN-debug] GET    /api/v1/excel/exportExcel --> gogin/routers/api/v1/controller.ExportExcel (4 handlers)
[GIN-debug] GET    /baidu                    --> gogin/routers.InitRouter.func3 (3 handlers)
[GIN-debug] GET    /long_async               --> gogin/routers.InitRouter.func4 (3 handlers)
[GIN-debug] GET    /long_sync                --> gogin/routers.InitRouter.func5 (3 handlers)
[GIN-debug] Loaded HTML Templates (2): 
	- index.html
	- 

[GIN-debug] GET    /index                    --> gogin/routers.InitRouter.func7 (3 handlers)
[GIN] 2022/05/10 - 10:10:27 | 200 |    4.3140457s |             ::1 | GET      "/api/v1/excel/exportExcel"
[GIN-debug] [WARNING] Running in "debug" mode. Switch to "release" mode in production.
 - using env:	export GIN_MODE=release
 - using code:	gin.SetMode(gin.ReleaseMode)

[GIN-debug] GET    /test                     --> gogin/routers.InitRouter.func1 (3 handlers)
[GIN-debug] POST   /user/:name/*action       --> gogin/routers.InitRouter.func2 (3 handlers)
[GIN-debug] GET    /swagger/*any             --> github.com/swaggo/gin-swagger.CustomWrapHandler.func1 (3 handlers)
[GIN-debug] GET    /auth                     --> gogin/routers/api/v1/controller.GetToken (3 handlers)
[GIN-debug] GET    /api/v1/tag/getTags       --> gogin/routers/api/v1/controller.GetTags (4 handlers)
[GIN-debug] GET    /api/v1/tag/getTag/:id    --> gogin/routers/api/v1/controller.GetTagById (4 handlers)
[GIN-debug] POST   /api/v1/tag/addTag        --> gogin/routers/api/v1/controller.AddTag (4 handlers)
[GIN-debug] PUT    /api/v1/tag/updateTag/:id --> gogin/routers/api/v1/controller.EditTag (4 handlers)
[GIN-debug] DELETE /api/v1/tag/delTag/:id    --> gogin/routers/api/v1/controller.RemoveTag (4 handlers)
[GIN-debug] POST   /api/v1/file/uploadOSS    --> gogin/routers/api/v1/controller.UploadOSS (4 handlers)
[GIN-debug] GET    /api/v1/file/downloadOSS  --> gogin/routers/api/v1/controller.DownloadOSS (4 handlers)
[GIN-debug] POST   /api/v1/file/testFile     --> gogin/routers/api/v1/controller.TestFile (4 handlers)
[GIN-debug] DELETE /api/v1/file/deleteOSS    --> gogin/routers/api/v1/controller.DeleteOSS (4 handlers)
[GIN-debug] GET    /api/v1/excel/importExcel --> gogin/routers/api/v1/controller.ImportExcel (4 handlers)
[GIN-debug] GET    /api/v1/excel/exportExcel --> gogin/routers/api/v1/controller.ExportExcel (4 handlers)
[GIN-debug] GET    /baidu                    --> gogin/routers.InitRouter.func3 (3 handlers)
[GIN-debug] GET    /long_async               --> gogin/routers.InitRouter.func4 (3 handlers)
[GIN-debug] GET    /long_sync                --> gogin/routers.InitRouter.func5 (3 handlers)
[GIN-debug] Loaded HTML Templates (2): 
	- 
	- index.html

[GIN-debug] GET    /index                    --> gogin/routers.InitRouter.func7 (3 handlers)
[GIN] 2022/05/10 - 10:29:19 | 200 |    7.9869394s |             ::1 | GET      "/api/v1/excel/exportExcel"
[GIN] 2022/05/10 - 10:30:29 | 200 |   33.1894901s |             ::1 | GET      "/api/v1/excel/exportExcel"
[GIN-debug] [WARNING] Running in "debug" mode. Switch to "release" mode in production.
 - using env:	export GIN_MODE=release
 - using code:	gin.SetMode(gin.ReleaseMode)

[GIN-debug] GET    /test                     --> gogin/routers.InitRouter.func1 (3 handlers)
[GIN-debug] POST   /user/:name/*action       --> gogin/routers.InitRouter.func2 (3 handlers)
[GIN-debug] GET    /swagger/*any             --> github.com/swaggo/gin-swagger.CustomWrapHandler.func1 (3 handlers)
[GIN-debug] GET    /auth                     --> gogin/routers/api/v1/controller.GetToken (3 handlers)
[GIN-debug] GET    /api/v1/tag/getTags       --> gogin/routers/api/v1/controller.GetTags (4 handlers)
[GIN-debug] GET    /api/v1/tag/getTag/:id    --> gogin/routers/api/v1/controller.GetTagById (4 handlers)
[GIN-debug] POST   /api/v1/tag/addTag        --> gogin/routers/api/v1/controller.AddTag (4 handlers)
[GIN-debug] PUT    /api/v1/tag/updateTag/:id --> gogin/routers/api/v1/controller.EditTag (4 handlers)
[GIN-debug] DELETE /api/v1/tag/delTag/:id    --> gogin/routers/api/v1/controller.RemoveTag (4 handlers)
[GIN-debug] POST   /api/v1/file/uploadOSS    --> gogin/routers/api/v1/controller.UploadOSS (4 handlers)
[GIN-debug] GET    /api/v1/file/downloadOSS  --> gogin/routers/api/v1/controller.DownloadOSS (4 handlers)
[GIN-debug] POST   /api/v1/file/testFile     --> gogin/routers/api/v1/controller.TestFile (4 handlers)
[GIN-debug] DELETE /api/v1/file/deleteOSS    --> gogin/routers/api/v1/controller.DeleteOSS (4 handlers)
[GIN-debug] GET    /api/v1/excel/importExcel --> gogin/routers/api/v1/controller.ImportExcel (4 handlers)
[GIN-debug] GET    /api/v1/excel/exportExcel --> gogin/routers/api/v1/controller.ExportExcel (4 handlers)
[GIN-debug] GET    /baidu                    --> gogin/routers.InitRouter.func3 (3 handlers)
[GIN-debug] GET    /long_async               --> gogin/routers.InitRouter.func4 (3 handlers)
[GIN-debug] GET    /long_sync                --> gogin/routers.InitRouter.func5 (3 handlers)
[GIN-debug] Loaded HTML Templates (2): 
	- 
	- index.html

[GIN-debug] GET    /index                    --> gogin/routers.InitRouter.func7 (3 handlers)
[GIN] 2022/05/10 - 10:32:48 | 200 |   13.5275893s |             ::1 | GET      "/api/v1/excel/exportExcel"
[GIN-debug] [WARNING] Running in "debug" mode. Switch to "release" mode in production.
 - using env:	export GIN_MODE=release
 - using code:	gin.SetMode(gin.ReleaseMode)

[GIN-debug] GET    /test                     --> gogin/routers.InitRouter.func1 (3 handlers)
[GIN-debug] POST   /user/:name/*action       --> gogin/routers.InitRouter.func2 (3 handlers)
[GIN-debug] GET    /swagger/*any             --> github.com/swaggo/gin-swagger.CustomWrapHandler.func1 (3 handlers)
[GIN-debug] GET    /auth                     --> gogin/routers/api/v1/controller.GetToken (3 handlers)
[GIN-debug] GET    /api/v1/tag/getTags       --> gogin/routers/api/v1/controller.GetTags (4 handlers)
[GIN-debug] GET    /api/v1/tag/getTag/:id    --> gogin/routers/api/v1/controller.GetTagById (4 handlers)
[GIN-debug] POST   /api/v1/tag/addTag        --> gogin/routers/api/v1/controller.AddTag (4 handlers)
[GIN-debug] PUT    /api/v1/tag/updateTag/:id --> gogin/routers/api/v1/controller.EditTag (4 handlers)
[GIN-debug] DELETE /api/v1/tag/delTag/:id    --> gogin/routers/api/v1/controller.RemoveTag (4 handlers)
[GIN-debug] POST   /api/v1/file/uploadOSS    --> gogin/routers/api/v1/controller.UploadOSS (4 handlers)
[GIN-debug] GET    /api/v1/file/downloadOSS  --> gogin/routers/api/v1/controller.DownloadOSS (4 handlers)
[GIN-debug] POST   /api/v1/file/testFile     --> gogin/routers/api/v1/controller.TestFile (4 handlers)
[GIN-debug] DELETE /api/v1/file/deleteOSS    --> gogin/routers/api/v1/controller.DeleteOSS (4 handlers)
[GIN-debug] GET    /api/v1/excel/importExcel --> gogin/routers/api/v1/controller.ImportExcel (4 handlers)
[GIN-debug] GET    /api/v1/excel/exportExcel --> gogin/routers/api/v1/controller.ExportExcel (4 handlers)
[GIN-debug] GET    /baidu                    --> gogin/routers.InitRouter.func3 (3 handlers)
[GIN-debug] GET    /long_async               --> gogin/routers.InitRouter.func4 (3 handlers)
[GIN-debug] GET    /long_sync                --> gogin/routers.InitRouter.func5 (3 handlers)
[GIN-debug] Loaded HTML Templates (2): 
	- 
	- index.html

[GIN-debug] GET    /index                    --> gogin/routers.InitRouter.func7 (3 handlers)
[GIN] 2022/05/10 - 10:33:10 | 200 |   10.4551976s |             ::1 | GET      "/api/v1/excel/exportExcel"
[GIN-debug] [WARNING] Running in "debug" mode. Switch to "release" mode in production.
 - using env:	export GIN_MODE=release
 - using code:	gin.SetMode(gin.ReleaseMode)

[GIN-debug] GET    /test                     --> gogin/routers.InitRouter.func1 (3 handlers)
[GIN-debug] POST   /user/:name/*action       --> gogin/routers.InitRouter.func2 (3 handlers)
[GIN-debug] GET    /swagger/*any             --> github.com/swaggo/gin-swagger.CustomWrapHandler.func1 (3 handlers)
[GIN-debug] GET    /auth                     --> gogin/routers/api/v1/controller.GetToken (3 handlers)
[GIN-debug] GET    /api/v1/tag/getTags       --> gogin/routers/api/v1/controller.GetTags (4 handlers)
[GIN-debug] GET    /api/v1/tag/getTag/:id    --> gogin/routers/api/v1/controller.GetTagById (4 handlers)
[GIN-debug] POST   /api/v1/tag/addTag        --> gogin/routers/api/v1/controller.AddTag (4 handlers)
[GIN-debug] PUT    /api/v1/tag/updateTag/:id --> gogin/routers/api/v1/controller.EditTag (4 handlers)
[GIN-debug] DELETE /api/v1/tag/delTag/:id    --> gogin/routers/api/v1/controller.RemoveTag (4 handlers)
[GIN-debug] POST   /api/v1/file/uploadOSS    --> gogin/routers/api/v1/controller.UploadOSS (4 handlers)
[GIN-debug] GET    /api/v1/file/downloadOSS  --> gogin/routers/api/v1/controller.DownloadOSS (4 handlers)
[GIN-debug] POST   /api/v1/file/testFile     --> gogin/routers/api/v1/controller.TestFile (4 handlers)
[GIN-debug] DELETE /api/v1/file/deleteOSS    --> gogin/routers/api/v1/controller.DeleteOSS (4 handlers)
[GIN-debug] GET    /api/v1/excel/importExcel --> gogin/routers/api/v1/controller.ImportExcel (4 handlers)
[GIN-debug] GET    /api/v1/excel/exportExcel --> gogin/routers/api/v1/controller.ExportExcel (4 handlers)
[GIN-debug] GET    /baidu                    --> gogin/routers.InitRouter.func3 (3 handlers)
[GIN-debug] GET    /long_async               --> gogin/routers.InitRouter.func4 (3 handlers)
[GIN-debug] GET    /long_sync                --> gogin/routers.InitRouter.func5 (3 handlers)
[GIN-debug] Loaded HTML Templates (2): 
	- 
	- index.html

[GIN-debug] GET    /index                    --> gogin/routers.InitRouter.func7 (3 handlers)
[GIN] 2022/05/10 - 10:37:38 | 200 |          1m4s |             ::1 | GET      "/api/v1/excel/exportExcel"
[GIN-debug] [WARNING] Running in "debug" mode. Switch to "release" mode in production.
 - using env:	export GIN_MODE=release
 - using code:	gin.SetMode(gin.ReleaseMode)

[GIN-debug] GET    /test                     --> gogin/routers.InitRouter.func1 (3 handlers)
[GIN-debug] POST   /user/:name/*action       --> gogin/routers.InitRouter.func2 (3 handlers)
[GIN-debug] GET    /swagger/*any             --> github.com/swaggo/gin-swagger.CustomWrapHandler.func1 (3 handlers)
[GIN-debug] GET    /auth                     --> gogin/routers/api/v1/controller.GetToken (3 handlers)
[GIN-debug] GET    /api/v1/tag/getTags       --> gogin/routers/api/v1/controller.GetTags (4 handlers)
[GIN-debug] GET    /api/v1/tag/getTag/:id    --> gogin/routers/api/v1/controller.GetTagById (4 handlers)
[GIN-debug] POST   /api/v1/tag/addTag        --> gogin/routers/api/v1/controller.AddTag (4 handlers)
[GIN-debug] PUT    /api/v1/tag/updateTag/:id --> gogin/routers/api/v1/controller.EditTag (4 handlers)
[GIN-debug] DELETE /api/v1/tag/delTag/:id    --> gogin/routers/api/v1/controller.RemoveTag (4 handlers)
[GIN-debug] POST   /api/v1/file/uploadOSS    --> gogin/routers/api/v1/controller.UploadOSS (4 handlers)
[GIN-debug] GET    /api/v1/file/downloadOSS  --> gogin/routers/api/v1/controller.DownloadOSS (4 handlers)
[GIN-debug] POST   /api/v1/file/testFile     --> gogin/routers/api/v1/controller.TestFile (4 handlers)
[GIN-debug] DELETE /api/v1/file/deleteOSS    --> gogin/routers/api/v1/controller.DeleteOSS (4 handlers)
[GIN-debug] GET    /api/v1/excel/importExcel --> gogin/routers/api/v1/controller.ImportExcel (4 handlers)
[GIN-debug] GET    /api/v1/excel/exportExcel --> gogin/routers/api/v1/controller.ExportExcel (4 handlers)
[GIN-debug] GET    /baidu                    --> gogin/routers.InitRouter.func3 (3 handlers)
[GIN-debug] GET    /long_async               --> gogin/routers.InitRouter.func4 (3 handlers)
[GIN-debug] GET    /long_sync                --> gogin/routers.InitRouter.func5 (3 handlers)
[GIN-debug] Loaded HTML Templates (2): 
	- 
	- index.html

[GIN-debug] GET    /index                    --> gogin/routers.InitRouter.func7 (3 handlers)
[GIN] 2022/05/10 - 10:38:25 | 200 |   27.7613783s |             ::1 | GET      "/api/v1/excel/exportExcel"
[GIN-debug] [WARNING] Running in "debug" mode. Switch to "release" mode in production.
 - using env:	export GIN_MODE=release
 - using code:	gin.SetMode(gin.ReleaseMode)

[GIN-debug] GET    /test                     --> gogin/routers.InitRouter.func1 (3 handlers)
[GIN-debug] POST   /user/:name/*action       --> gogin/routers.InitRouter.func2 (3 handlers)
[GIN-debug] GET    /swagger/*any             --> github.com/swaggo/gin-swagger.CustomWrapHandler.func1 (3 handlers)
[GIN-debug] GET    /auth                     --> gogin/routers/api/v1/controller.GetToken (3 handlers)
[GIN-debug] GET    /api/v1/tag/getTags       --> gogin/routers/api/v1/controller.GetTags (4 handlers)
[GIN-debug] GET    /api/v1/tag/getTag/:id    --> gogin/routers/api/v1/controller.GetTagById (4 handlers)
[GIN-debug] POST   /api/v1/tag/addTag        --> gogin/routers/api/v1/controller.AddTag (4 handlers)
[GIN-debug] PUT    /api/v1/tag/updateTag/:id --> gogin/routers/api/v1/controller.EditTag (4 handlers)
[GIN-debug] DELETE /api/v1/tag/delTag/:id    --> gogin/routers/api/v1/controller.RemoveTag (4 handlers)
[GIN-debug] POST   /api/v1/file/uploadOSS    --> gogin/routers/api/v1/controller.UploadOSS (4 handlers)
[GIN-debug] GET    /api/v1/file/downloadOSS  --> gogin/routers/api/v1/controller.DownloadOSS (4 handlers)
[GIN-debug] POST   /api/v1/file/testFile     --> gogin/routers/api/v1/controller.TestFile (4 handlers)
[GIN-debug] DELETE /api/v1/file/deleteOSS    --> gogin/routers/api/v1/controller.DeleteOSS (4 handlers)
[GIN-debug] GET    /api/v1/excel/importExcel --> gogin/routers/api/v1/controller.ImportExcel (4 handlers)
[GIN-debug] GET    /api/v1/excel/exportExcel --> gogin/routers/api/v1/controller.ExportExcel (4 handlers)
[GIN-debug] GET    /baidu                    --> gogin/routers.InitRouter.func3 (3 handlers)
[GIN-debug] GET    /long_async               --> gogin/routers.InitRouter.func4 (3 handlers)
[GIN-debug] GET    /long_sync                --> gogin/routers.InitRouter.func5 (3 handlers)
[GIN-debug] Loaded HTML Templates (2): 
	- 
	- index.html

[GIN-debug] GET    /index                    --> gogin/routers.InitRouter.func7 (3 handlers)
[GIN] 2022/05/10 - 10:40:51 | 200 |      23.856ms |             ::1 | GET      "/api/v1/excel/exportExcel"
[GIN-debug] [WARNING] Running in "debug" mode. Switch to "release" mode in production.
 - using env:	export GIN_MODE=release
 - using code:	gin.SetMode(gin.ReleaseMode)

[GIN-debug] GET    /test                     --> gogin/routers.InitRouter.func1 (3 handlers)
[GIN-debug] POST   /user/:name/*action       --> gogin/routers.InitRouter.func2 (3 handlers)
[GIN-debug] GET    /swagger/*any             --> github.com/swaggo/gin-swagger.CustomWrapHandler.func1 (3 handlers)
[GIN-debug] GET    /auth                     --> gogin/routers/api/v1/controller.GetToken (3 handlers)
[GIN-debug] GET    /api/v1/tag/getTags       --> gogin/routers/api/v1/controller.GetTags (4 handlers)
[GIN-debug] GET    /api/v1/tag/getTag/:id    --> gogin/routers/api/v1/controller.GetTagById (4 handlers)
[GIN-debug] POST   /api/v1/tag/addTag        --> gogin/routers/api/v1/controller.AddTag (4 handlers)
[GIN-debug] PUT    /api/v1/tag/updateTag/:id --> gogin/routers/api/v1/controller.EditTag (4 handlers)
[GIN-debug] DELETE /api/v1/tag/delTag/:id    --> gogin/routers/api/v1/controller.RemoveTag (4 handlers)
[GIN-debug] POST   /api/v1/file/uploadOSS    --> gogin/routers/api/v1/controller.UploadOSS (4 handlers)
[GIN-debug] GET    /api/v1/file/downloadOSS  --> gogin/routers/api/v1/controller.DownloadOSS (4 handlers)
[GIN-debug] POST   /api/v1/file/testFile     --> gogin/routers/api/v1/controller.TestFile (4 handlers)
[GIN-debug] DELETE /api/v1/file/deleteOSS    --> gogin/routers/api/v1/controller.DeleteOSS (4 handlers)
[GIN-debug] GET    /api/v1/excel/importExcel --> gogin/routers/api/v1/controller.ImportExcel (4 handlers)
[GIN-debug] GET    /api/v1/excel/exportExcel --> gogin/routers/api/v1/controller.ExportExcel (4 handlers)
[GIN-debug] GET    /baidu                    --> gogin/routers.InitRouter.func3 (3 handlers)
[GIN-debug] GET    /long_async               --> gogin/routers.InitRouter.func4 (3 handlers)
[GIN-debug] GET    /long_sync                --> gogin/routers.InitRouter.func5 (3 handlers)
[GIN-debug] Loaded HTML Templates (2): 
	- 
	- index.html

[GIN-debug] GET    /index                    --> gogin/routers.InitRouter.func7 (3 handlers)
[GIN] 2022/05/10 - 10:41:27 | 200 |    5.5359584s |             ::1 | GET      "/api/v1/excel/exportExcel"
[GIN] 2022/05/10 - 10:42:04 | 200 |    23.412702s |             ::1 | GET      "/api/v1/excel/exportExcel"
[GIN-debug] [WARNING] Running in "debug" mode. Switch to "release" mode in production.
 - using env:	export GIN_MODE=release
 - using code:	gin.SetMode(gin.ReleaseMode)

[GIN-debug] GET    /test                     --> gogin/routers.InitRouter.func1 (3 handlers)
[GIN-debug] POST   /user/:name/*action       --> gogin/routers.InitRouter.func2 (3 handlers)
[GIN-debug] GET    /swagger/*any             --> github.com/swaggo/gin-swagger.CustomWrapHandler.func1 (3 handlers)
[GIN-debug] GET    /auth                     --> gogin/routers/api/v1/controller.GetToken (3 handlers)
[GIN-debug] GET    /api/v1/tag/getTags       --> gogin/routers/api/v1/controller.GetTags (4 handlers)
[GIN-debug] GET    /api/v1/tag/getTag/:id    --> gogin/routers/api/v1/controller.GetTagById (4 handlers)
[GIN-debug] POST   /api/v1/tag/addTag        --> gogin/routers/api/v1/controller.AddTag (4 handlers)
[GIN-debug] PUT    /api/v1/tag/updateTag/:id --> gogin/routers/api/v1/controller.EditTag (4 handlers)
[GIN-debug] DELETE /api/v1/tag/delTag/:id    --> gogin/routers/api/v1/controller.RemoveTag (4 handlers)
[GIN-debug] POST   /api/v1/file/uploadOSS    --> gogin/routers/api/v1/controller.UploadOSS (4 handlers)
[GIN-debug] GET    /api/v1/file/downloadOSS  --> gogin/routers/api/v1/controller.DownloadOSS (4 handlers)
[GIN-debug] POST   /api/v1/file/testFile     --> gogin/routers/api/v1/controller.TestFile (4 handlers)
[GIN-debug] DELETE /api/v1/file/deleteOSS    --> gogin/routers/api/v1/controller.DeleteOSS (4 handlers)
[GIN-debug] GET    /api/v1/excel/importExcel --> gogin/routers/api/v1/controller.ImportExcel (4 handlers)
[GIN-debug] GET    /api/v1/excel/exportExcel --> gogin/routers/api/v1/controller.ExportExcel (4 handlers)
[GIN-debug] GET    /baidu                    --> gogin/routers.InitRouter.func3 (3 handlers)
[GIN-debug] GET    /long_async               --> gogin/routers.InitRouter.func4 (3 handlers)
[GIN-debug] GET    /long_sync                --> gogin/routers.InitRouter.func5 (3 handlers)
[GIN-debug] Loaded HTML Templates (2): 
	- 
	- index.html

[GIN-debug] GET    /index                    --> gogin/routers.InitRouter.func7 (3 handlers)
[GIN] 2022/05/10 - 10:43:29 | 200 |    32.910881s |             ::1 | GET      "/api/v1/excel/exportExcel"
[GIN-debug] [WARNING] Running in "debug" mode. Switch to "release" mode in production.
 - using env:	export GIN_MODE=release
 - using code:	gin.SetMode(gin.ReleaseMode)

[GIN-debug] GET    /test                     --> gogin/routers.InitRouter.func1 (3 handlers)
[GIN-debug] POST   /user/:name/*action       --> gogin/routers.InitRouter.func2 (3 handlers)
[GIN-debug] GET    /swagger/*any             --> github.com/swaggo/gin-swagger.CustomWrapHandler.func1 (3 handlers)
[GIN-debug] GET    /auth                     --> gogin/routers/api/v1/controller.GetToken (3 handlers)
[GIN-debug] GET    /api/v1/tag/getTags       --> gogin/routers/api/v1/controller.GetTags (4 handlers)
[GIN-debug] GET    /api/v1/tag/getTag/:id    --> gogin/routers/api/v1/controller.GetTagById (4 handlers)
[GIN-debug] POST   /api/v1/tag/addTag        --> gogin/routers/api/v1/controller.AddTag (4 handlers)
[GIN-debug] PUT    /api/v1/tag/updateTag/:id --> gogin/routers/api/v1/controller.EditTag (4 handlers)
[GIN-debug] DELETE /api/v1/tag/delTag/:id    --> gogin/routers/api/v1/controller.RemoveTag (4 handlers)
[GIN-debug] POST   /api/v1/file/uploadOSS    --> gogin/routers/api/v1/controller.UploadOSS (4 handlers)
[GIN-debug] GET    /api/v1/file/downloadOSS  --> gogin/routers/api/v1/controller.DownloadOSS (4 handlers)
[GIN-debug] POST   /api/v1/file/testFile     --> gogin/routers/api/v1/controller.TestFile (4 handlers)
[GIN-debug] DELETE /api/v1/file/deleteOSS    --> gogin/routers/api/v1/controller.DeleteOSS (4 handlers)
[GIN-debug] GET    /api/v1/excel/importExcel --> gogin/routers/api/v1/controller.ImportExcel (4 handlers)
[GIN-debug] GET    /api/v1/excel/exportExcel --> gogin/routers/api/v1/controller.ExportExcel (4 handlers)
[GIN-debug] GET    /baidu                    --> gogin/routers.InitRouter.func3 (3 handlers)
[GIN-debug] GET    /long_async               --> gogin/routers.InitRouter.func4 (3 handlers)
[GIN-debug] GET    /long_sync                --> gogin/routers.InitRouter.func5 (3 handlers)
[GIN-debug] Loaded HTML Templates (2): 
	- 
	- index.html

[GIN-debug] GET    /index                    --> gogin/routers.InitRouter.func7 (3 handlers)
[GIN] 2022/05/10 - 10:45:57 | 200 |   10.6215095s |             ::1 | GET      "/api/v1/excel/exportExcel"
[GIN-debug] [WARNING] Running in "debug" mode. Switch to "release" mode in production.
 - using env:	export GIN_MODE=release
 - using code:	gin.SetMode(gin.ReleaseMode)

[GIN-debug] GET    /test                     --> gogin/routers.InitRouter.func1 (3 handlers)
[GIN-debug] POST   /user/:name/*action       --> gogin/routers.InitRouter.func2 (3 handlers)
[GIN-debug] GET    /swagger/*any             --> github.com/swaggo/gin-swagger.CustomWrapHandler.func1 (3 handlers)
[GIN-debug] GET    /auth                     --> gogin/routers/api/v1/controller.GetToken (3 handlers)
[GIN-debug] GET    /api/v1/tag/getTags       --> gogin/routers/api/v1/controller.GetTags (4 handlers)
[GIN-debug] GET    /api/v1/tag/getTag/:id    --> gogin/routers/api/v1/controller.GetTagById (4 handlers)
[GIN-debug] POST   /api/v1/tag/addTag        --> gogin/routers/api/v1/controller.AddTag (4 handlers)
[GIN-debug] PUT    /api/v1/tag/updateTag/:id --> gogin/routers/api/v1/controller.EditTag (4 handlers)
[GIN-debug] DELETE /api/v1/tag/delTag/:id    --> gogin/routers/api/v1/controller.RemoveTag (4 handlers)
[GIN-debug] POST   /api/v1/file/uploadOSS    --> gogin/routers/api/v1/controller.UploadOSS (4 handlers)
[GIN-debug] GET    /api/v1/file/downloadOSS  --> gogin/routers/api/v1/controller.DownloadOSS (4 handlers)
[GIN-debug] POST   /api/v1/file/testFile     --> gogin/routers/api/v1/controller.TestFile (4 handlers)
[GIN-debug] DELETE /api/v1/file/deleteOSS    --> gogin/routers/api/v1/controller.DeleteOSS (4 handlers)
[GIN-debug] GET    /api/v1/excel/importExcel --> gogin/routers/api/v1/controller.ImportExcel (4 handlers)
[GIN-debug] GET    /api/v1/excel/exportExcel --> gogin/routers/api/v1/controller.ExportExcel (4 handlers)
[GIN-debug] GET    /baidu                    --> gogin/routers.InitRouter.func3 (3 handlers)
[GIN-debug] GET    /long_async               --> gogin/routers.InitRouter.func4 (3 handlers)
[GIN-debug] GET    /long_sync                --> gogin/routers.InitRouter.func5 (3 handlers)
[GIN-debug] Loaded HTML Templates (2): 
	- index.html
	- 

[GIN-debug] GET    /index                    --> gogin/routers.InitRouter.func7 (3 handlers)
[GIN] 2022/05/10 - 11:03:40 | 200 |     18.6896ms |             ::1 | GET      "/api/v1/excel/exportExcel"
[GIN] 2022/05/10 - 11:03:50 | 200 |      4.4298ms |             ::1 | GET      "/api/v1/excel/exportExcel"
[GIN] 2022/05/10 - 11:04:26 | 200 |   31.5659738s |             ::1 | GET      "/api/v1/excel/exportExcel"
[GIN-debug] [WARNING] Running in "debug" mode. Switch to "release" mode in production.
 - using env:	export GIN_MODE=release
 - using code:	gin.SetMode(gin.ReleaseMode)

[GIN-debug] GET    /test                     --> gogin/routers.InitRouter.func1 (3 handlers)
[GIN-debug] POST   /user/:name/*action       --> gogin/routers.InitRouter.func2 (3 handlers)
[GIN-debug] GET    /swagger/*any             --> github.com/swaggo/gin-swagger.CustomWrapHandler.func1 (3 handlers)
[GIN-debug] GET    /auth                     --> gogin/routers/api/v1/controller.GetToken (3 handlers)
[GIN-debug] GET    /api/v1/tag/getTags       --> gogin/routers/api/v1/controller.GetTags (4 handlers)
[GIN-debug] GET    /api/v1/tag/getTag/:id    --> gogin/routers/api/v1/controller.GetTagById (4 handlers)
[GIN-debug] POST   /api/v1/tag/addTag        --> gogin/routers/api/v1/controller.AddTag (4 handlers)
[GIN-debug] PUT    /api/v1/tag/updateTag/:id --> gogin/routers/api/v1/controller.EditTag (4 handlers)
[GIN-debug] DELETE /api/v1/tag/delTag/:id    --> gogin/routers/api/v1/controller.RemoveTag (4 handlers)
[GIN-debug] POST   /api/v1/file/uploadOSS    --> gogin/routers/api/v1/controller.UploadOSS (4 handlers)
[GIN-debug] GET    /api/v1/file/downloadOSS  --> gogin/routers/api/v1/controller.DownloadOSS (4 handlers)
[GIN-debug] POST   /api/v1/file/testFile     --> gogin/routers/api/v1/controller.TestFile (4 handlers)
[GIN-debug] DELETE /api/v1/file/deleteOSS    --> gogin/routers/api/v1/controller.DeleteOSS (4 handlers)
[GIN-debug] GET    /api/v1/excel/importExcel --> gogin/routers/api/v1/controller.ImportExcel (4 handlers)
[GIN-debug] GET    /api/v1/excel/exportExcel --> gogin/routers/api/v1/controller.ExportExcel (4 handlers)
[GIN-debug] GET    /baidu                    --> gogin/routers.InitRouter.func3 (3 handlers)
[GIN-debug] GET    /long_async               --> gogin/routers.InitRouter.func4 (3 handlers)
[GIN-debug] GET    /long_sync                --> gogin/routers.InitRouter.func5 (3 handlers)
[GIN-debug] Loaded HTML Templates (2): 
	- 
	- index.html

[GIN-debug] GET    /index                    --> gogin/routers.InitRouter.func7 (3 handlers)
[GIN-debug] [WARNING] Running in "debug" mode. Switch to "release" mode in production.
 - using env:	export GIN_MODE=release
 - using code:	gin.SetMode(gin.ReleaseMode)

[GIN-debug] GET    /test                     --> gogin/routers.InitRouter.func1 (3 handlers)
[GIN-debug] POST   /user/:name/*action       --> gogin/routers.InitRouter.func2 (3 handlers)
[GIN-debug] GET    /swagger/*any             --> github.com/swaggo/gin-swagger.CustomWrapHandler.func1 (3 handlers)
[GIN-debug] GET    /auth                     --> gogin/routers/api/v1/controller.GetToken (3 handlers)
[GIN-debug] GET    /api/v1/tag/getTags       --> gogin/routers/api/v1/controller.GetTags (4 handlers)
[GIN-debug] GET    /api/v1/tag/getTag/:id    --> gogin/routers/api/v1/controller.GetTagById (4 handlers)
[GIN-debug] POST   /api/v1/tag/addTag        --> gogin/routers/api/v1/controller.AddTag (4 handlers)
[GIN-debug] PUT    /api/v1/tag/updateTag/:id --> gogin/routers/api/v1/controller.EditTag (4 handlers)
[GIN-debug] DELETE /api/v1/tag/delTag/:id    --> gogin/routers/api/v1/controller.RemoveTag (4 handlers)
[GIN-debug] POST   /api/v1/file/uploadOSS    --> gogin/routers/api/v1/controller.UploadOSS (4 handlers)
[GIN-debug] GET    /api/v1/file/downloadOSS  --> gogin/routers/api/v1/controller.DownloadOSS (4 handlers)
[GIN-debug] POST   /api/v1/file/testFile     --> gogin/routers/api/v1/controller.TestFile (4 handlers)
[GIN-debug] DELETE /api/v1/file/deleteOSS    --> gogin/routers/api/v1/controller.DeleteOSS (4 handlers)
[GIN-debug] GET    /api/v1/excel/importExcel --> gogin/routers/api/v1/controller.ImportExcel (4 handlers)
[GIN-debug] GET    /api/v1/excel/exportExcel --> gogin/routers/api/v1/controller.ExportExcel (4 handlers)
[GIN-debug] GET    /baidu                    --> gogin/routers.InitRouter.func3 (3 handlers)
[GIN-debug] GET    /long_async               --> gogin/routers.InitRouter.func4 (3 handlers)
[GIN-debug] GET    /long_sync                --> gogin/routers.InitRouter.func5 (3 handlers)
[GIN-debug] Loaded HTML Templates (2): 
	- 
	- index.html

[GIN-debug] GET    /index                    --> gogin/routers.InitRouter.func7 (3 handlers)
[GIN] 2022/05/10 - 11:06:15 | 200 |   12.8872536s |             ::1 | GET      "/api/v1/excel/exportExcel"
[GIN-debug] [WARNING] Running in "debug" mode. Switch to "release" mode in production.
 - using env:	export GIN_MODE=release
 - using code:	gin.SetMode(gin.ReleaseMode)

[GIN-debug] GET    /test                     --> gogin/routers.InitRouter.func1 (3 handlers)
[GIN-debug] POST   /user/:name/*action       --> gogin/routers.InitRouter.func2 (3 handlers)
[GIN-debug] GET    /swagger/*any             --> github.com/swaggo/gin-swagger.CustomWrapHandler.func1 (3 handlers)
[GIN-debug] GET    /auth                     --> gogin/routers/api/v1/controller.GetToken (3 handlers)
[GIN-debug] GET    /api/v1/tag/getTags       --> gogin/routers/api/v1/controller.GetTags (4 handlers)
[GIN-debug] GET    /api/v1/tag/getTag/:id    --> gogin/routers/api/v1/controller.GetTagById (4 handlers)
[GIN-debug] POST   /api/v1/tag/addTag        --> gogin/routers/api/v1/controller.AddTag (4 handlers)
[GIN-debug] PUT    /api/v1/tag/updateTag/:id --> gogin/routers/api/v1/controller.EditTag (4 handlers)
[GIN-debug] DELETE /api/v1/tag/delTag/:id    --> gogin/routers/api/v1/controller.RemoveTag (4 handlers)
[GIN-debug] POST   /api/v1/file/uploadOSS    --> gogin/routers/api/v1/controller.UploadOSS (4 handlers)
[GIN-debug] GET    /api/v1/file/downloadOSS  --> gogin/routers/api/v1/controller.DownloadOSS (4 handlers)
[GIN-debug] POST   /api/v1/file/testFile     --> gogin/routers/api/v1/controller.TestFile (4 handlers)
[GIN-debug] DELETE /api/v1/file/deleteOSS    --> gogin/routers/api/v1/controller.DeleteOSS (4 handlers)
[GIN-debug] GET    /api/v1/excel/importExcel --> gogin/routers/api/v1/controller.ImportExcel (4 handlers)
[GIN-debug] GET    /api/v1/excel/exportExcel --> gogin/routers/api/v1/controller.ExportExcel (4 handlers)
[GIN-debug] GET    /baidu                    --> gogin/routers.InitRouter.func3 (3 handlers)
[GIN-debug] GET    /long_async               --> gogin/routers.InitRouter.func4 (3 handlers)
[GIN-debug] GET    /long_sync                --> gogin/routers.InitRouter.func5 (3 handlers)
[GIN-debug] Loaded HTML Templates (2): 
	- 
	- index.html

[GIN-debug] GET    /index                    --> gogin/routers.InitRouter.func7 (3 handlers)
[GIN] 2022/05/10 - 11:12:52 | 200 |      9.3714ms |             ::1 | GET      "/api/v1/excel/exportExcel"
[GIN-debug] [WARNING] Running in "debug" mode. Switch to "release" mode in production.
 - using env:	export GIN_MODE=release
 - using code:	gin.SetMode(gin.ReleaseMode)

[GIN-debug] GET    /test                     --> gogin/routers.InitRouter.func1 (3 handlers)
[GIN-debug] POST   /user/:name/*action       --> gogin/routers.InitRouter.func2 (3 handlers)
[GIN-debug] GET    /swagger/*any             --> github.com/swaggo/gin-swagger.CustomWrapHandler.func1 (3 handlers)
[GIN-debug] GET    /auth                     --> gogin/routers/api/v1/controller.GetToken (3 handlers)
[GIN-debug] GET    /api/v1/tag/getTags       --> gogin/routers/api/v1/controller.GetTags (4 handlers)
[GIN-debug] GET    /api/v1/tag/getTag/:id    --> gogin/routers/api/v1/controller.GetTagById (4 handlers)
[GIN-debug] POST   /api/v1/tag/addTag        --> gogin/routers/api/v1/controller.AddTag (4 handlers)
[GIN-debug] PUT    /api/v1/tag/updateTag/:id --> gogin/routers/api/v1/controller.EditTag (4 handlers)
[GIN-debug] DELETE /api/v1/tag/delTag/:id    --> gogin/routers/api/v1/controller.RemoveTag (4 handlers)
[GIN-debug] POST   /api/v1/file/uploadOSS    --> gogin/routers/api/v1/controller.UploadOSS (4 handlers)
[GIN-debug] GET    /api/v1/file/downloadOSS  --> gogin/routers/api/v1/controller.DownloadOSS (4 handlers)
[GIN-debug] POST   /api/v1/file/testFile     --> gogin/routers/api/v1/controller.TestFile (4 handlers)
[GIN-debug] DELETE /api/v1/file/deleteOSS    --> gogin/routers/api/v1/controller.DeleteOSS (4 handlers)
[GIN-debug] GET    /api/v1/excel/importExcel --> gogin/routers/api/v1/controller.ImportExcel (4 handlers)
[GIN-debug] GET    /api/v1/excel/exportExcel --> gogin/routers/api/v1/controller.ExportExcel (4 handlers)
[GIN-debug] GET    /baidu                    --> gogin/routers.InitRouter.func3 (3 handlers)
[GIN-debug] GET    /long_async               --> gogin/routers.InitRouter.func4 (3 handlers)
[GIN-debug] GET    /long_sync                --> gogin/routers.InitRouter.func5 (3 handlers)
[GIN-debug] Loaded HTML Templates (2): 
	- 
	- index.html

[GIN-debug] GET    /index                    --> gogin/routers.InitRouter.func7 (3 handlers)
[GIN] 2022/05/10 - 11:13:36 | 200 |     30.3685ms |             ::1 | GET      "/api/v1/excel/exportExcel"
[GIN-debug] [WARNING] Running in "debug" mode. Switch to "release" mode in production.
 - using env:	export GIN_MODE=release
 - using code:	gin.SetMode(gin.ReleaseMode)

[GIN-debug] GET    /test                     --> gogin/routers.InitRouter.func1 (3 handlers)
[GIN-debug] POST   /user/:name/*action       --> gogin/routers.InitRouter.func2 (3 handlers)
[GIN-debug] GET    /swagger/*any             --> github.com/swaggo/gin-swagger.CustomWrapHandler.func1 (3 handlers)
[GIN-debug] GET    /auth                     --> gogin/routers/api/v1/controller.GetToken (3 handlers)
[GIN-debug] GET    /api/v1/tag/getTags       --> gogin/routers/api/v1/controller.GetTags (4 handlers)
[GIN-debug] GET    /api/v1/tag/getTag/:id    --> gogin/routers/api/v1/controller.GetTagById (4 handlers)
[GIN-debug] POST   /api/v1/tag/addTag        --> gogin/routers/api/v1/controller.AddTag (4 handlers)
[GIN-debug] PUT    /api/v1/tag/updateTag/:id --> gogin/routers/api/v1/controller.EditTag (4 handlers)
[GIN-debug] DELETE /api/v1/tag/delTag/:id    --> gogin/routers/api/v1/controller.RemoveTag (4 handlers)
[GIN-debug] POST   /api/v1/file/uploadOSS    --> gogin/routers/api/v1/controller.UploadOSS (4 handlers)
[GIN-debug] GET    /api/v1/file/downloadOSS  --> gogin/routers/api/v1/controller.DownloadOSS (4 handlers)
[GIN-debug] POST   /api/v1/file/testFile     --> gogin/routers/api/v1/controller.TestFile (4 handlers)
[GIN-debug] DELETE /api/v1/file/deleteOSS    --> gogin/routers/api/v1/controller.DeleteOSS (4 handlers)
[GIN-debug] GET    /api/v1/excel/importExcel --> gogin/routers/api/v1/controller.ImportExcel (4 handlers)
[GIN-debug] GET    /api/v1/excel/exportExcel --> gogin/routers/api/v1/controller.ExportExcel (4 handlers)
[GIN-debug] GET    /baidu                    --> gogin/routers.InitRouter.func3 (3 handlers)
[GIN-debug] GET    /long_async               --> gogin/routers.InitRouter.func4 (3 handlers)
[GIN-debug] GET    /long_sync                --> gogin/routers.InitRouter.func5 (3 handlers)
[GIN-debug] Loaded HTML Templates (2): 
	- 
	- index.html

[GIN-debug] GET    /index                    --> gogin/routers.InitRouter.func7 (3 handlers)
[GIN] 2022/05/10 - 11:16:11 | 200 |     10.1233ms |             ::1 | GET      "/api/v1/excel/exportExcel"
[GIN-debug] [WARNING] Running in "debug" mode. Switch to "release" mode in production.
 - using env:	export GIN_MODE=release
 - using code:	gin.SetMode(gin.ReleaseMode)

[GIN-debug] GET    /test                     --> gogin/routers.InitRouter.func1 (3 handlers)
[GIN-debug] POST   /user/:name/*action       --> gogin/routers.InitRouter.func2 (3 handlers)
[GIN-debug] GET    /swagger/*any             --> github.com/swaggo/gin-swagger.CustomWrapHandler.func1 (3 handlers)
[GIN-debug] GET    /auth                     --> gogin/routers/api/v1/controller.GetToken (3 handlers)
[GIN-debug] GET    /api/v1/tag/getTags       --> gogin/routers/api/v1/controller.GetTags (4 handlers)
[GIN-debug] GET    /api/v1/tag/getTag/:id    --> gogin/routers/api/v1/controller.GetTagById (4 handlers)
[GIN-debug] POST   /api/v1/tag/addTag        --> gogin/routers/api/v1/controller.AddTag (4 handlers)
[GIN-debug] PUT    /api/v1/tag/updateTag/:id --> gogin/routers/api/v1/controller.EditTag (4 handlers)
[GIN-debug] DELETE /api/v1/tag/delTag/:id    --> gogin/routers/api/v1/controller.RemoveTag (4 handlers)
[GIN-debug] POST   /api/v1/file/uploadOSS    --> gogin/routers/api/v1/controller.UploadOSS (4 handlers)
[GIN-debug] GET    /api/v1/file/downloadOSS  --> gogin/routers/api/v1/controller.DownloadOSS (4 handlers)
[GIN-debug] POST   /api/v1/file/testFile     --> gogin/routers/api/v1/controller.TestFile (4 handlers)
[GIN-debug] DELETE /api/v1/file/deleteOSS    --> gogin/routers/api/v1/controller.DeleteOSS (4 handlers)
[GIN-debug] GET    /api/v1/excel/importExcel --> gogin/routers/api/v1/controller.ImportExcel (4 handlers)
[GIN-debug] GET    /api/v1/excel/exportExcel --> gogin/routers/api/v1/controller.ExportExcel (4 handlers)
[GIN-debug] GET    /baidu                    --> gogin/routers.InitRouter.func3 (3 handlers)
[GIN-debug] GET    /long_async               --> gogin/routers.InitRouter.func4 (3 handlers)
[GIN-debug] GET    /long_sync                --> gogin/routers.InitRouter.func5 (3 handlers)
[GIN-debug] Loaded HTML Templates (2): 
	- 
	- index.html

[GIN-debug] GET    /index                    --> gogin/routers.InitRouter.func7 (3 handlers)
[GIN] 2022/05/10 - 11:17:05 | 200 |     14.7605ms |             ::1 | GET      "/api/v1/excel/exportExcel"
[GIN-debug] [WARNING] Running in "debug" mode. Switch to "release" mode in production.
 - using env:	export GIN_MODE=release
 - using code:	gin.SetMode(gin.ReleaseMode)

[GIN-debug] GET    /test                     --> gogin/routers.InitRouter.func1 (3 handlers)
[GIN-debug] POST   /user/:name/*action       --> gogin/routers.InitRouter.func2 (3 handlers)
[GIN-debug] GET    /swagger/*any             --> github.com/swaggo/gin-swagger.CustomWrapHandler.func1 (3 handlers)
[GIN-debug] GET    /auth                     --> gogin/routers/api/v1/controller.GetToken (3 handlers)
[GIN-debug] GET    /api/v1/tag/getTags       --> gogin/routers/api/v1/controller.GetTags (4 handlers)
[GIN-debug] GET    /api/v1/tag/getTag/:id    --> gogin/routers/api/v1/controller.GetTagById (4 handlers)
[GIN-debug] POST   /api/v1/tag/addTag        --> gogin/routers/api/v1/controller.AddTag (4 handlers)
[GIN-debug] PUT    /api/v1/tag/updateTag/:id --> gogin/routers/api/v1/controller.EditTag (4 handlers)
[GIN-debug] DELETE /api/v1/tag/delTag/:id    --> gogin/routers/api/v1/controller.RemoveTag (4 handlers)
[GIN-debug] POST   /api/v1/file/uploadOSS    --> gogin/routers/api/v1/controller.UploadOSS (4 handlers)
[GIN-debug] GET    /api/v1/file/downloadOSS  --> gogin/routers/api/v1/controller.DownloadOSS (4 handlers)
[GIN-debug] POST   /api/v1/file/testFile     --> gogin/routers/api/v1/controller.TestFile (4 handlers)
[GIN-debug] DELETE /api/v1/file/deleteOSS    --> gogin/routers/api/v1/controller.DeleteOSS (4 handlers)
[GIN-debug] GET    /api/v1/excel/importExcel --> gogin/routers/api/v1/controller.ImportExcel (4 handlers)
[GIN-debug] GET    /api/v1/excel/exportExcel --> gogin/routers/api/v1/controller.ExportExcel (4 handlers)
[GIN-debug] GET    /baidu                    --> gogin/routers.InitRouter.func3 (3 handlers)
[GIN-debug] GET    /long_async               --> gogin/routers.InitRouter.func4 (3 handlers)
[GIN-debug] GET    /long_sync                --> gogin/routers.InitRouter.func5 (3 handlers)
[GIN-debug] Loaded HTML Templates (2): 
	- index.html
	- 

[GIN-debug] GET    /index                    --> gogin/routers.InitRouter.func7 (3 handlers)
[GIN] 2022/05/10 - 11:17:26 | 200 |      8.2403ms |             ::1 | GET      "/api/v1/excel/exportExcel"
