[GIN-debug] [WARNING] Running in "debug" mode. Switch to "release" mode in production.
 - using env:	export GIN_MODE=release
 - using code:	gin.SetMode(gin.ReleaseMode)

[GIN-debug] GET    /test                     --> gogin/routers.InitRouter.func1 (3 handlers)
[GIN-debug] POST   /user/:name/*action       --> gogin/routers.InitRouter.func2 (3 handlers)
[GIN-debug] GET    /swagger/*any             --> github.com/swaggo/gin-swagger.CustomWrapHandler.func1 (3 handlers)
[GIN-debug] GET    /auth                     --> gogin/controller.GetToken (3 handlers)
[GIN-debug] GET    /api/v1/tag/getTags       --> gogin/controller.GetTags (4 handlers)
[GIN-debug] GET    /api/v1/tag/getTag/:id    --> gogin/controller.GetTagById (4 handlers)
[GIN-debug] POST   /api/v1/tag/addTag        --> gogin/controller.AddTag (4 handlers)
[GIN-debug] PUT    /api/v1/tag/updateTag/:id --> gogin/controller.EditTag (4 handlers)
[GIN-debug] DELETE /api/v1/tag/delTag/:id    --> gogin/controller.RemoveTag (4 handlers)
[GIN-debug] POST   /api/v1/file/upload       --> gogin/middleware/jwt.JWTAuthMiddleware.func1 (3 handlers)
[GIN-debug] GET    /api/v1/file/download     --> gogin/middleware/jwt.JWTAuthMiddleware.func1 (3 handlers)
[GIN-debug] GET    /baidu                    --> gogin/routers.InitRouter.func3 (3 handlers)
[GIN-debug] GET    /long_async               --> gogin/routers.InitRouter.func4 (3 handlers)
[GIN-debug] GET    /long_sync                --> gogin/routers.InitRouter.func5 (3 handlers)
[GIN-debug] Loaded HTML Templates (2): 
	- 
	- index.html

[GIN-debug] GET    /index                    --> gogin/routers.InitRouter.func7 (3 handlers)
[GIN-debug] [WARNING] Running in "debug" mode. Switch to "release" mode in production.
 - using env:	export GIN_MODE=release
 - using code:	gin.SetMode(gin.ReleaseMode)

[GIN-debug] GET    /test                     --> gogin/routers.InitRouter.func1 (3 handlers)
[GIN-debug] POST   /user/:name/*action       --> gogin/routers.InitRouter.func2 (3 handlers)
[GIN-debug] GET    /swagger/*any             --> github.com/swaggo/gin-swagger.CustomWrapHandler.func1 (3 handlers)
[GIN-debug] GET    /auth                     --> gogin/controller.GetToken (3 handlers)
[GIN-debug] GET    /api/v1/tag/getTags       --> gogin/controller.GetTags (4 handlers)
[GIN-debug] GET    /api/v1/tag/getTag/:id    --> gogin/controller.GetTagById (4 handlers)
[GIN-debug] POST   /api/v1/tag/addTag        --> gogin/controller.AddTag (4 handlers)
[GIN-debug] PUT    /api/v1/tag/updateTag/:id --> gogin/controller.EditTag (4 handlers)
[GIN-debug] DELETE /api/v1/tag/delTag/:id    --> gogin/controller.RemoveTag (4 handlers)
[GIN-debug] POST   /api/v1/file/upload       --> gogin/middleware/jwt.JWTAuthMiddleware.func1 (3 handlers)
[GIN-debug] GET    /api/v1/file/download     --> gogin/middleware/jwt.JWTAuthMiddleware.func1 (3 handlers)
[GIN-debug] GET    /baidu                    --> gogin/routers.InitRouter.func3 (3 handlers)
[GIN-debug] GET    /long_async               --> gogin/routers.InitRouter.func4 (3 handlers)
[GIN-debug] GET    /long_sync                --> gogin/routers.InitRouter.func5 (3 handlers)
[GIN-debug] Loaded HTML Templates (2): 
	- 
	- index.html

[GIN-debug] GET    /index                    --> gogin/routers.InitRouter.func7 (3 handlers)
[GIN-debug] [WARNING] Running in "debug" mode. Switch to "release" mode in production.
 - using env:	export GIN_MODE=release
 - using code:	gin.SetMode(gin.ReleaseMode)

[GIN-debug] GET    /test                     --> gogin/routers.InitRouter.func1 (3 handlers)
[GIN-debug] POST   /user/:name/*action       --> gogin/routers.InitRouter.func2 (3 handlers)
[GIN-debug] GET    /swagger/*any             --> github.com/swaggo/gin-swagger.CustomWrapHandler.func1 (3 handlers)
[GIN-debug] GET    /auth                     --> gogin/controller.GetToken (3 handlers)
[GIN-debug] GET    /api/v1/tag/getTags       --> gogin/controller.GetTags (4 handlers)
[GIN-debug] GET    /api/v1/tag/getTag/:id    --> gogin/controller.GetTagById (4 handlers)
[GIN-debug] POST   /api/v1/tag/addTag        --> gogin/controller.AddTag (4 handlers)
[GIN-debug] PUT    /api/v1/tag/updateTag/:id --> gogin/controller.EditTag (4 handlers)
[GIN-debug] DELETE /api/v1/tag/delTag/:id    --> gogin/controller.RemoveTag (4 handlers)
[GIN-debug] POST   /api/v1/file/upload       --> gogin/middleware/jwt.JWTAuthMiddleware.func1 (3 handlers)
[GIN-debug] GET    /api/v1/file/download     --> gogin/middleware/jwt.JWTAuthMiddleware.func1 (3 handlers)
[GIN-debug] GET    /baidu                    --> gogin/routers.InitRouter.func3 (3 handlers)
[GIN-debug] GET    /long_async               --> gogin/routers.InitRouter.func4 (3 handlers)
[GIN-debug] GET    /long_sync                --> gogin/routers.InitRouter.func5 (3 handlers)
[GIN-debug] Loaded HTML Templates (2): 
	- 
	- index.html

[GIN-debug] GET    /index                    --> gogin/routers.InitRouter.func7 (3 handlers)
[GIN-debug] [WARNING] Running in "debug" mode. Switch to "release" mode in production.
 - using env:	export GIN_MODE=release
 - using code:	gin.SetMode(gin.ReleaseMode)

[GIN-debug] GET    /test                     --> gogin/routers.InitRouter.func1 (3 handlers)
[GIN-debug] POST   /user/:name/*action       --> gogin/routers.InitRouter.func2 (3 handlers)
[GIN-debug] GET    /swagger/*any             --> github.com/swaggo/gin-swagger.CustomWrapHandler.func1 (3 handlers)
[GIN-debug] GET    /auth                     --> gogin/controller.GetToken (3 handlers)
[GIN-debug] GET    /api/v1/tag/getTags       --> gogin/controller.GetTags (4 handlers)
[GIN-debug] GET    /api/v1/tag/getTag/:id    --> gogin/controller.GetTagById (4 handlers)
[GIN-debug] POST   /api/v1/tag/addTag        --> gogin/controller.AddTag (4 handlers)
[GIN-debug] PUT    /api/v1/tag/updateTag/:id --> gogin/controller.EditTag (4 handlers)
[GIN-debug] DELETE /api/v1/tag/delTag/:id    --> gogin/controller.RemoveTag (4 handlers)
[GIN-debug] POST   /api/v1/file/upload       --> gogin/middleware/jwt.JWTAuthMiddleware.func1 (3 handlers)
[GIN-debug] GET    /api/v1/file/download     --> gogin/middleware/jwt.JWTAuthMiddleware.func1 (3 handlers)
[GIN-debug] GET    /baidu                    --> gogin/routers.InitRouter.func3 (3 handlers)
[GIN-debug] GET    /long_async               --> gogin/routers.InitRouter.func4 (3 handlers)
[GIN-debug] GET    /long_sync                --> gogin/routers.InitRouter.func5 (3 handlers)
[GIN-debug] Loaded HTML Templates (2): 
	- index.html
	- 

[GIN-debug] GET    /index                    --> gogin/routers.InitRouter.func7 (3 handlers)
[GIN-debug] [WARNING] Headers were already written. Wanted to override status code 401 with 500
[GIN] 2022/05/09 - 10:39:56 | 500 |      5.5021ms |             ::1 | GET      "/api/v1/tag/getTag/1"
[GIN] 2022/05/09 - 10:40:02 | 200 |       998.1µs |             ::1 | GET      "/auth"
[GIN] 2022/05/09 - 10:40:06 | 200 |      4.7839ms |             ::1 | GET      "/auth?username=lxw&password=123"
[GIN] 2022/05/09 - 10:40:41 | 200 |   16.6039352s |             ::1 | GET      "/api/v1/tag/getTag/1"
[GIN-debug] [WARNING] Running in "debug" mode. Switch to "release" mode in production.
 - using env:	export GIN_MODE=release
 - using code:	gin.SetMode(gin.ReleaseMode)

[GIN-debug] GET    /test                     --> gogin/routers.InitRouter.func1 (3 handlers)
[GIN-debug] POST   /user/:name/*action       --> gogin/routers.InitRouter.func2 (3 handlers)
[GIN-debug] GET    /swagger/*any             --> github.com/swaggo/gin-swagger.CustomWrapHandler.func1 (3 handlers)
[GIN-debug] GET    /auth                     --> gogin/controller.GetToken (3 handlers)
[GIN-debug] GET    /api/v1/tag/getTags       --> gogin/controller.GetTags (4 handlers)
[GIN-debug] GET    /api/v1/tag/getTag/:id    --> gogin/controller.GetTagById (4 handlers)
[GIN-debug] POST   /api/v1/tag/addTag        --> gogin/controller.AddTag (4 handlers)
[GIN-debug] PUT    /api/v1/tag/updateTag/:id --> gogin/controller.EditTag (4 handlers)
[GIN-debug] DELETE /api/v1/tag/delTag/:id    --> gogin/controller.RemoveTag (4 handlers)
[GIN-debug] POST   /api/v1/file/upload       --> gogin/middleware/jwt.JWTAuthMiddleware.func1 (3 handlers)
[GIN-debug] GET    /api/v1/file/download     --> gogin/middleware/jwt.JWTAuthMiddleware.func1 (3 handlers)
[GIN-debug] GET    /baidu                    --> gogin/routers.InitRouter.func3 (3 handlers)
[GIN-debug] GET    /long_async               --> gogin/routers.InitRouter.func4 (3 handlers)
[GIN-debug] GET    /long_sync                --> gogin/routers.InitRouter.func5 (3 handlers)
[GIN-debug] Loaded HTML Templates (2): 
	- index.html
	- 

[GIN-debug] GET    /index                    --> gogin/routers.InitRouter.func7 (3 handlers)
[GIN] 2022/05/09 - 10:41:28 | 200 |    2.7853714s |             ::1 | GET      "/api/v1/tag/getTag/1"
[GIN-debug] [WARNING] Running in "debug" mode. Switch to "release" mode in production.
 - using env:	export GIN_MODE=release
 - using code:	gin.SetMode(gin.ReleaseMode)

[GIN-debug] GET    /test                     --> gogin/routers.InitRouter.func1 (3 handlers)
[GIN-debug] POST   /user/:name/*action       --> gogin/routers.InitRouter.func2 (3 handlers)
[GIN-debug] GET    /swagger/*any             --> github.com/swaggo/gin-swagger.CustomWrapHandler.func1 (3 handlers)
[GIN-debug] GET    /auth                     --> gogin/controller.GetToken (3 handlers)
[GIN-debug] GET    /api/v1/tag/getTags       --> gogin/controller.GetTags (4 handlers)
[GIN-debug] GET    /api/v1/tag/getTag/:id    --> gogin/controller.GetTagById (4 handlers)
[GIN-debug] POST   /api/v1/tag/addTag        --> gogin/controller.AddTag (4 handlers)
[GIN-debug] PUT    /api/v1/tag/updateTag/:id --> gogin/controller.EditTag (4 handlers)
[GIN-debug] DELETE /api/v1/tag/delTag/:id    --> gogin/controller.RemoveTag (4 handlers)
[GIN-debug] POST   /api/v1/file/upload       --> gogin/middleware/jwt.JWTAuthMiddleware.func1 (3 handlers)
[GIN-debug] GET    /api/v1/file/download     --> gogin/middleware/jwt.JWTAuthMiddleware.func1 (3 handlers)
[GIN-debug] GET    /baidu                    --> gogin/routers.InitRouter.func3 (3 handlers)
[GIN-debug] GET    /long_async               --> gogin/routers.InitRouter.func4 (3 handlers)
[GIN-debug] GET    /long_sync                --> gogin/routers.InitRouter.func5 (3 handlers)
[GIN-debug] Loaded HTML Templates (2): 
	- 
	- index.html

[GIN-debug] GET    /index                    --> gogin/routers.InitRouter.func7 (3 handlers)
[GIN] 2022/05/09 - 10:53:20 | 200 |      2.4138ms |             ::1 | GET      "/api/v1/tag/getTag/1"
[GIN] 2022/05/09 - 10:54:16 | 200 |   24.8979383s |             ::1 | GET      "/api/v1/tag/getTag/1"
[GIN] 2022/05/09 - 10:54:37 | 200 |    5.5228694s |             ::1 | GET      "/api/v1/tag/getTag/1"
[GIN] 2022/05/09 - 10:54:42 | 200 |      1.7268ms |             ::1 | GET      "/api/v1/tag/getTag/1"
[GIN] 2022/05/09 - 10:54:44 | 200 |      1.6116ms |             ::1 | GET      "/api/v1/tag/getTag/1"
[GIN] 2022/05/09 - 10:56:23 | 200 |   32.6005107s |             ::1 | GET      "/api/v1/tag/getTag/1"
[GIN] 2022/05/09 - 10:56:43 | 200 |   14.9136932s |             ::1 | GET      "/api/v1/tag/getTag/1"
[GIN-debug] [WARNING] Running in "debug" mode. Switch to "release" mode in production.
 - using env:	export GIN_MODE=release
 - using code:	gin.SetMode(gin.ReleaseMode)

[GIN-debug] GET    /test                     --> gogin/routers.InitRouter.func1 (3 handlers)
[GIN-debug] POST   /user/:name/*action       --> gogin/routers.InitRouter.func2 (3 handlers)
[GIN-debug] GET    /swagger/*any             --> github.com/swaggo/gin-swagger.CustomWrapHandler.func1 (3 handlers)
[GIN-debug] GET    /auth                     --> gogin/controller.GetToken (3 handlers)
[GIN-debug] GET    /api/v1/tag/getTags       --> gogin/controller.GetTags (4 handlers)
[GIN-debug] GET    /api/v1/tag/getTag/:id    --> gogin/controller.GetTagById (4 handlers)
[GIN-debug] POST   /api/v1/tag/addTag        --> gogin/controller.AddTag (4 handlers)
[GIN-debug] PUT    /api/v1/tag/updateTag/:id --> gogin/controller.EditTag (4 handlers)
[GIN-debug] DELETE /api/v1/tag/delTag/:id    --> gogin/controller.RemoveTag (4 handlers)
[GIN-debug] POST   /api/v1/file/upload       --> gogin/middleware/jwt.JWTAuthMiddleware.func1 (3 handlers)
[GIN-debug] GET    /api/v1/file/download     --> gogin/middleware/jwt.JWTAuthMiddleware.func1 (3 handlers)
[GIN-debug] GET    /baidu                    --> gogin/routers.InitRouter.func3 (3 handlers)
[GIN-debug] GET    /long_async               --> gogin/routers.InitRouter.func4 (3 handlers)
[GIN-debug] GET    /long_sync                --> gogin/routers.InitRouter.func5 (3 handlers)
[GIN-debug] Loaded HTML Templates (2): 
	- 
	- index.html

[GIN-debug] GET    /index                    --> gogin/routers.InitRouter.func7 (3 handlers)
[GIN] 2022/05/09 - 10:57:06 | 200 |    1.9588182s |             ::1 | GET      "/api/v1/tag/getTag/1"
[GIN-debug] [WARNING] Running in "debug" mode. Switch to "release" mode in production.
 - using env:	export GIN_MODE=release
 - using code:	gin.SetMode(gin.ReleaseMode)

[GIN-debug] GET    /test                     --> gogin/routers.InitRouter.func1 (3 handlers)
[GIN-debug] POST   /user/:name/*action       --> gogin/routers.InitRouter.func2 (3 handlers)
[GIN-debug] GET    /swagger/*any             --> github.com/swaggo/gin-swagger.CustomWrapHandler.func1 (3 handlers)
[GIN-debug] GET    /auth                     --> gogin/controller.GetToken (3 handlers)
[GIN-debug] GET    /api/v1/tag/getTags       --> gogin/controller.GetTags (4 handlers)
[GIN-debug] GET    /api/v1/tag/getTag/:id    --> gogin/controller.GetTagById (4 handlers)
[GIN-debug] POST   /api/v1/tag/addTag        --> gogin/controller.AddTag (4 handlers)
[GIN-debug] PUT    /api/v1/tag/updateTag/:id --> gogin/controller.EditTag (4 handlers)
[GIN-debug] DELETE /api/v1/tag/delTag/:id    --> gogin/controller.RemoveTag (4 handlers)
[GIN-debug] POST   /api/v1/file/upload       --> gogin/middleware/jwt.JWTAuthMiddleware.func1 (3 handlers)
[GIN-debug] GET    /api/v1/file/download     --> gogin/middleware/jwt.JWTAuthMiddleware.func1 (3 handlers)
[GIN-debug] GET    /baidu                    --> gogin/routers.InitRouter.func3 (3 handlers)
[GIN-debug] GET    /long_async               --> gogin/routers.InitRouter.func4 (3 handlers)
[GIN-debug] GET    /long_sync                --> gogin/routers.InitRouter.func5 (3 handlers)
[GIN-debug] Loaded HTML Templates (2): 
	- 
	- index.html

[GIN-debug] GET    /index                    --> gogin/routers.InitRouter.func7 (3 handlers)
[GIN] 2022/05/09 - 10:57:19 | 200 |      1.8457ms |             ::1 | GET      "/api/v1/tag/getTag/1"
[GIN] 2022/05/09 - 11:03:52 | 200 |      3.9917ms |             ::1 | GET      "/api/v1/tag/getTag/2"
[GIN] 2022/05/09 - 11:03:53 | 200 |      1.5418ms |             ::1 | GET      "/api/v1/tag/getTag/2"
[GIN-debug] [WARNING] Running in "debug" mode. Switch to "release" mode in production.
 - using env:	export GIN_MODE=release
 - using code:	gin.SetMode(gin.ReleaseMode)

[GIN-debug] GET    /test                     --> gogin/routers.InitRouter.func1 (3 handlers)
[GIN-debug] POST   /user/:name/*action       --> gogin/routers.InitRouter.func2 (3 handlers)
[GIN-debug] GET    /swagger/*any             --> github.com/swaggo/gin-swagger.CustomWrapHandler.func1 (3 handlers)
[GIN-debug] GET    /auth                     --> gogin/routers/api/v1/controller.GetToken (3 handlers)
[GIN-debug] GET    /api/v1/tag/getTags       --> gogin/routers/api/v1/controller.GetTags (4 handlers)
[GIN-debug] GET    /api/v1/tag/getTag/:id    --> gogin/routers/api/v1/controller.GetTagById (4 handlers)
[GIN-debug] POST   /api/v1/tag/addTag        --> gogin/routers/api/v1/controller.AddTag (4 handlers)
[GIN-debug] PUT    /api/v1/tag/updateTag/:id --> gogin/routers/api/v1/controller.EditTag (4 handlers)
[GIN-debug] DELETE /api/v1/tag/delTag/:id    --> gogin/routers/api/v1/controller.RemoveTag (4 handlers)
[GIN-debug] POST   /api/v1/file/uploadOSS    --> gogin/routers/api/v1/controller.UploadOSS (4 handlers)
[GIN-debug] GET    /api/v1/file/downloadOSS  --> gogin/routers/api/v1/controller.DownloadOSS (4 handlers)
[GIN-debug] POST   /api/v1/file/testOFile    --> gogin/routers/api/v1/controller.TestOFile (4 handlers)
[GIN-debug] GET    /baidu                    --> gogin/routers.InitRouter.func3 (3 handlers)
[GIN-debug] GET    /long_async               --> gogin/routers.InitRouter.func4 (3 handlers)
[GIN-debug] GET    /long_sync                --> gogin/routers.InitRouter.func5 (3 handlers)
[GIN-debug] Loaded HTML Templates (2): 
	- 
	- index.html

[GIN-debug] GET    /index                    --> gogin/routers.InitRouter.func7 (3 handlers)
[GIN] 2022/05/09 - 15:39:08 | 404 |            0s |             ::1 | GET      "/api/v1/file/testOFile"
[GIN-debug] [WARNING] Running in "debug" mode. Switch to "release" mode in production.
 - using env:	export GIN_MODE=release
 - using code:	gin.SetMode(gin.ReleaseMode)

[GIN-debug] GET    /test                     --> gogin/routers.InitRouter.func1 (3 handlers)
[GIN-debug] POST   /user/:name/*action       --> gogin/routers.InitRouter.func2 (3 handlers)
[GIN-debug] GET    /swagger/*any             --> github.com/swaggo/gin-swagger.CustomWrapHandler.func1 (3 handlers)
[GIN-debug] GET    /auth                     --> gogin/routers/api/v1/controller.GetToken (3 handlers)
[GIN-debug] GET    /api/v1/tag/getTags       --> gogin/routers/api/v1/controller.GetTags (4 handlers)
[GIN-debug] GET    /api/v1/tag/getTag/:id    --> gogin/routers/api/v1/controller.GetTagById (4 handlers)
[GIN-debug] POST   /api/v1/tag/addTag        --> gogin/routers/api/v1/controller.AddTag (4 handlers)
[GIN-debug] PUT    /api/v1/tag/updateTag/:id --> gogin/routers/api/v1/controller.EditTag (4 handlers)
[GIN-debug] DELETE /api/v1/tag/delTag/:id    --> gogin/routers/api/v1/controller.RemoveTag (4 handlers)
[GIN-debug] POST   /api/v1/file/uploadOSS    --> gogin/routers/api/v1/controller.UploadOSS (4 handlers)
[GIN-debug] GET    /api/v1/file/downloadOSS  --> gogin/routers/api/v1/controller.DownloadOSS (4 handlers)
[GIN-debug] POST   /api/v1/file/testFile     --> gogin/routers/api/v1/controller.TestFile (4 handlers)
[GIN-debug] GET    /baidu                    --> gogin/routers.InitRouter.func3 (3 handlers)
[GIN-debug] GET    /long_async               --> gogin/routers.InitRouter.func4 (3 handlers)
[GIN-debug] GET    /long_sync                --> gogin/routers.InitRouter.func5 (3 handlers)
[GIN-debug] Loaded HTML Templates (2): 
	- 
	- index.html

[GIN-debug] GET    /index                    --> gogin/routers.InitRouter.func7 (3 handlers)
[GIN] 2022/05/09 - 15:39:59 | 404 |          30µs |             ::1 | GET      "/api/v1/file/testOFile"
[GIN] 2022/05/09 - 15:40:07 | 404 |            0s |             ::1 | POST     "/api/v1/file/testOFile"
[GIN-debug] [WARNING] Running in "debug" mode. Switch to "release" mode in production.
 - using env:	export GIN_MODE=release
 - using code:	gin.SetMode(gin.ReleaseMode)

[GIN-debug] GET    /test                     --> gogin/routers.InitRouter.func1 (3 handlers)
[GIN-debug] POST   /user/:name/*action       --> gogin/routers.InitRouter.func2 (3 handlers)
[GIN-debug] GET    /swagger/*any             --> github.com/swaggo/gin-swagger.CustomWrapHandler.func1 (3 handlers)
[GIN-debug] GET    /auth                     --> gogin/routers/api/v1/controller.GetToken (3 handlers)
[GIN-debug] GET    /api/v1/tag/getTags       --> gogin/routers/api/v1/controller.GetTags (4 handlers)
[GIN-debug] GET    /api/v1/tag/getTag/:id    --> gogin/routers/api/v1/controller.GetTagById (4 handlers)
[GIN-debug] POST   /api/v1/tag/addTag        --> gogin/routers/api/v1/controller.AddTag (4 handlers)
[GIN-debug] PUT    /api/v1/tag/updateTag/:id --> gogin/routers/api/v1/controller.EditTag (4 handlers)
[GIN-debug] DELETE /api/v1/tag/delTag/:id    --> gogin/routers/api/v1/controller.RemoveTag (4 handlers)
[GIN-debug] POST   /api/v1/file/uploadOSS    --> gogin/routers/api/v1/controller.UploadOSS (4 handlers)
[GIN-debug] GET    /api/v1/file/downloadOSS  --> gogin/routers/api/v1/controller.DownloadOSS (4 handlers)
[GIN-debug] POST   /api/v1/file/testFile     --> gogin/routers/api/v1/controller.TestFile (4 handlers)
[GIN-debug] GET    /baidu                    --> gogin/routers.InitRouter.func3 (3 handlers)
[GIN-debug] GET    /long_async               --> gogin/routers.InitRouter.func4 (3 handlers)
[GIN-debug] GET    /long_sync                --> gogin/routers.InitRouter.func5 (3 handlers)
[GIN-debug] Loaded HTML Templates (2): 
	- index.html
	- 

[GIN-debug] GET    /index                    --> gogin/routers.InitRouter.func7 (3 handlers)
[GIN-debug] [WARNING] Headers were already written. Wanted to override status code 401 with 500
[GIN] 2022/05/09 - 15:40:48 | 500 |      4.5242ms |             ::1 | POST     "/api/v1/file/testFile"
[GIN] 2022/05/09 - 15:40:55 | 404 |            0s |             ::1 | POST     "/auth"
[GIN] 2022/05/09 - 15:41:03 | 404 |            0s |             ::1 | POST     "/auth?username=lxw&password=123"
[GIN] 2022/05/09 - 15:42:00 | 200 |            0s |             ::1 | GET      "/auth"
[GIN] 2022/05/09 - 15:42:04 | 200 |      3.9324ms |             ::1 | GET      "/auth?username=lxw&password=123"
[GIN-debug] [WARNING] Headers were already written. Wanted to override status code 400 with 500
[GIN] 2022/05/09 - 15:42:22 | 500 |      4.4795ms |             ::1 | POST     "/api/v1/file/testFile"
[GIN-debug] [WARNING] Headers were already written. Wanted to override status code 400 with 500
[GIN] 2022/05/09 - 15:42:33 | 500 |      7.2668ms |             ::1 | POST     "/api/v1/file/testFile"
[GIN] 2022/05/09 - 15:43:49 | 200 |   46.1460042s |             ::1 | POST     "/api/v1/file/testFile"
[GIN-debug] [WARNING] Running in "debug" mode. Switch to "release" mode in production.
 - using env:	export GIN_MODE=release
 - using code:	gin.SetMode(gin.ReleaseMode)

[GIN-debug] GET    /test                     --> gogin/routers.InitRouter.func1 (3 handlers)
[GIN-debug] POST   /user/:name/*action       --> gogin/routers.InitRouter.func2 (3 handlers)
[GIN-debug] GET    /swagger/*any             --> github.com/swaggo/gin-swagger.CustomWrapHandler.func1 (3 handlers)
[GIN-debug] GET    /auth                     --> gogin/routers/api/v1/controller.GetToken (3 handlers)
[GIN-debug] GET    /api/v1/tag/getTags       --> gogin/routers/api/v1/controller.GetTags (4 handlers)
[GIN-debug] GET    /api/v1/tag/getTag/:id    --> gogin/routers/api/v1/controller.GetTagById (4 handlers)
[GIN-debug] POST   /api/v1/tag/addTag        --> gogin/routers/api/v1/controller.AddTag (4 handlers)
[GIN-debug] PUT    /api/v1/tag/updateTag/:id --> gogin/routers/api/v1/controller.EditTag (4 handlers)
[GIN-debug] DELETE /api/v1/tag/delTag/:id    --> gogin/routers/api/v1/controller.RemoveTag (4 handlers)
[GIN-debug] POST   /api/v1/file/uploadOSS    --> gogin/routers/api/v1/controller.UploadOSS (4 handlers)
[GIN-debug] GET    /api/v1/file/downloadOSS  --> gogin/routers/api/v1/controller.DownloadOSS (4 handlers)
[GIN-debug] POST   /api/v1/file/testFile     --> gogin/routers/api/v1/controller.TestFile (4 handlers)
[GIN-debug] GET    /baidu                    --> gogin/routers.InitRouter.func3 (3 handlers)
[GIN-debug] GET    /long_async               --> gogin/routers.InitRouter.func4 (3 handlers)
[GIN-debug] GET    /long_sync                --> gogin/routers.InitRouter.func5 (3 handlers)
[GIN-debug] Loaded HTML Templates (2): 
	- 
	- index.html

[GIN-debug] GET    /index                    --> gogin/routers.InitRouter.func7 (3 handlers)
[GIN-debug] [WARNING] Running in "debug" mode. Switch to "release" mode in production.
 - using env:	export GIN_MODE=release
 - using code:	gin.SetMode(gin.ReleaseMode)

[GIN-debug] GET    /test                     --> gogin/routers.InitRouter.func1 (3 handlers)
[GIN-debug] POST   /user/:name/*action       --> gogin/routers.InitRouter.func2 (3 handlers)
[GIN-debug] GET    /swagger/*any             --> github.com/swaggo/gin-swagger.CustomWrapHandler.func1 (3 handlers)
[GIN-debug] GET    /auth                     --> gogin/routers/api/v1/controller.GetToken (3 handlers)
[GIN-debug] GET    /api/v1/tag/getTags       --> gogin/routers/api/v1/controller.GetTags (4 handlers)
[GIN-debug] GET    /api/v1/tag/getTag/:id    --> gogin/routers/api/v1/controller.GetTagById (4 handlers)
[GIN-debug] POST   /api/v1/tag/addTag        --> gogin/routers/api/v1/controller.AddTag (4 handlers)
[GIN-debug] PUT    /api/v1/tag/updateTag/:id --> gogin/routers/api/v1/controller.EditTag (4 handlers)
[GIN-debug] DELETE /api/v1/tag/delTag/:id    --> gogin/routers/api/v1/controller.RemoveTag (4 handlers)
[GIN-debug] POST   /api/v1/file/uploadOSS    --> gogin/routers/api/v1/controller.UploadOSS (4 handlers)
[GIN-debug] GET    /api/v1/file/downloadOSS  --> gogin/routers/api/v1/controller.DownloadOSS (4 handlers)
[GIN-debug] POST   /api/v1/file/testFile     --> gogin/routers/api/v1/controller.TestFile (4 handlers)
[GIN-debug] GET    /baidu                    --> gogin/routers.InitRouter.func3 (3 handlers)
[GIN-debug] GET    /long_async               --> gogin/routers.InitRouter.func4 (3 handlers)
[GIN-debug] GET    /long_sync                --> gogin/routers.InitRouter.func5 (3 handlers)
[GIN-debug] Loaded HTML Templates (2): 
	- 
	- index.html

[GIN-debug] GET    /index                    --> gogin/routers.InitRouter.func7 (3 handlers)
[GIN-debug] [WARNING] Running in "debug" mode. Switch to "release" mode in production.
 - using env:	export GIN_MODE=release
 - using code:	gin.SetMode(gin.ReleaseMode)

[GIN-debug] GET    /test                     --> gogin/routers.InitRouter.func1 (3 handlers)
[GIN-debug] POST   /user/:name/*action       --> gogin/routers.InitRouter.func2 (3 handlers)
[GIN-debug] GET    /swagger/*any             --> github.com/swaggo/gin-swagger.CustomWrapHandler.func1 (3 handlers)
[GIN-debug] GET    /auth                     --> gogin/routers/api/v1/controller.GetToken (3 handlers)
[GIN-debug] GET    /api/v1/tag/getTags       --> gogin/routers/api/v1/controller.GetTags (4 handlers)
[GIN-debug] GET    /api/v1/tag/getTag/:id    --> gogin/routers/api/v1/controller.GetTagById (4 handlers)
[GIN-debug] POST   /api/v1/tag/addTag        --> gogin/routers/api/v1/controller.AddTag (4 handlers)
[GIN-debug] PUT    /api/v1/tag/updateTag/:id --> gogin/routers/api/v1/controller.EditTag (4 handlers)
[GIN-debug] DELETE /api/v1/tag/delTag/:id    --> gogin/routers/api/v1/controller.RemoveTag (4 handlers)
[GIN-debug] POST   /api/v1/file/uploadOSS    --> gogin/routers/api/v1/controller.UploadOSS (4 handlers)
[GIN-debug] GET    /api/v1/file/downloadOSS  --> gogin/routers/api/v1/controller.DownloadOSS (4 handlers)
[GIN-debug] POST   /api/v1/file/testFile     --> gogin/routers/api/v1/controller.TestFile (4 handlers)
[GIN-debug] GET    /baidu                    --> gogin/routers.InitRouter.func3 (3 handlers)
[GIN-debug] GET    /long_async               --> gogin/routers.InitRouter.func4 (3 handlers)
[GIN-debug] GET    /long_sync                --> gogin/routers.InitRouter.func5 (3 handlers)
[GIN-debug] Loaded HTML Templates (2): 
	- 
	- index.html

[GIN-debug] GET    /index                    --> gogin/routers.InitRouter.func7 (3 handlers)
[GIN-debug] [WARNING] Running in "debug" mode. Switch to "release" mode in production.
 - using env:	export GIN_MODE=release
 - using code:	gin.SetMode(gin.ReleaseMode)

[GIN-debug] GET    /test                     --> gogin/routers.InitRouter.func1 (3 handlers)
[GIN-debug] POST   /user/:name/*action       --> gogin/routers.InitRouter.func2 (3 handlers)
[GIN-debug] GET    /swagger/*any             --> github.com/swaggo/gin-swagger.CustomWrapHandler.func1 (3 handlers)
[GIN-debug] GET    /auth                     --> gogin/routers/api/v1/controller.GetToken (3 handlers)
[GIN-debug] GET    /api/v1/tag/getTags       --> gogin/routers/api/v1/controller.GetTags (4 handlers)
[GIN-debug] GET    /api/v1/tag/getTag/:id    --> gogin/routers/api/v1/controller.GetTagById (4 handlers)
[GIN-debug] POST   /api/v1/tag/addTag        --> gogin/routers/api/v1/controller.AddTag (4 handlers)
[GIN-debug] PUT    /api/v1/tag/updateTag/:id --> gogin/routers/api/v1/controller.EditTag (4 handlers)
[GIN-debug] DELETE /api/v1/tag/delTag/:id    --> gogin/routers/api/v1/controller.RemoveTag (4 handlers)
[GIN-debug] POST   /api/v1/file/uploadOSS    --> gogin/routers/api/v1/controller.UploadOSS (4 handlers)
[GIN-debug] GET    /api/v1/file/downloadOSS  --> gogin/routers/api/v1/controller.DownloadOSS (4 handlers)
[GIN-debug] POST   /api/v1/file/testFile     --> gogin/routers/api/v1/controller.TestFile (4 handlers)
[GIN-debug] GET    /baidu                    --> gogin/routers.InitRouter.func3 (3 handlers)
[GIN-debug] GET    /long_async               --> gogin/routers.InitRouter.func4 (3 handlers)
[GIN-debug] GET    /long_sync                --> gogin/routers.InitRouter.func5 (3 handlers)
[GIN-debug] Loaded HTML Templates (2): 
	- index.html
	- 

[GIN-debug] GET    /index                    --> gogin/routers.InitRouter.func7 (3 handlers)
[GIN] 2022/05/09 - 16:27:56 | 200 |    9.4472227s |             ::1 | POST     "/api/v1/file/uploadOSS"
[GIN-debug] [WARNING] Running in "debug" mode. Switch to "release" mode in production.
 - using env:	export GIN_MODE=release
 - using code:	gin.SetMode(gin.ReleaseMode)

[GIN-debug] GET    /test                     --> gogin/routers.InitRouter.func1 (3 handlers)
[GIN-debug] POST   /user/:name/*action       --> gogin/routers.InitRouter.func2 (3 handlers)
[GIN-debug] GET    /swagger/*any             --> github.com/swaggo/gin-swagger.CustomWrapHandler.func1 (3 handlers)
[GIN-debug] GET    /auth                     --> gogin/routers/api/v1/controller.GetToken (3 handlers)
[GIN-debug] GET    /api/v1/tag/getTags       --> gogin/routers/api/v1/controller.GetTags (4 handlers)
[GIN-debug] GET    /api/v1/tag/getTag/:id    --> gogin/routers/api/v1/controller.GetTagById (4 handlers)
[GIN-debug] POST   /api/v1/tag/addTag        --> gogin/routers/api/v1/controller.AddTag (4 handlers)
[GIN-debug] PUT    /api/v1/tag/updateTag/:id --> gogin/routers/api/v1/controller.EditTag (4 handlers)
[GIN-debug] DELETE /api/v1/tag/delTag/:id    --> gogin/routers/api/v1/controller.RemoveTag (4 handlers)
[GIN-debug] POST   /api/v1/file/uploadOSS    --> gogin/routers/api/v1/controller.UploadOSS (4 handlers)
[GIN-debug] GET    /api/v1/file/downloadOSS  --> gogin/routers/api/v1/controller.DownloadOSS (4 handlers)
[GIN-debug] POST   /api/v1/file/testFile     --> gogin/routers/api/v1/controller.TestFile (4 handlers)
[GIN-debug] GET    /baidu                    --> gogin/routers.InitRouter.func3 (3 handlers)
[GIN-debug] GET    /long_async               --> gogin/routers.InitRouter.func4 (3 handlers)
[GIN-debug] GET    /long_sync                --> gogin/routers.InitRouter.func5 (3 handlers)
[GIN-debug] Loaded HTML Templates (2): 
	- 
	- index.html

[GIN-debug] GET    /index                    --> gogin/routers.InitRouter.func7 (3 handlers)
[GIN] 2022/05/09 - 16:33:22 | 200 |    136.8118ms |             ::1 | POST     "/api/v1/file/uploadOSS"
[GIN-debug] [WARNING] Running in "debug" mode. Switch to "release" mode in production.
 - using env:	export GIN_MODE=release
 - using code:	gin.SetMode(gin.ReleaseMode)

[GIN-debug] GET    /test                     --> gogin/routers.InitRouter.func1 (3 handlers)
[GIN-debug] POST   /user/:name/*action       --> gogin/routers.InitRouter.func2 (3 handlers)
[GIN-debug] GET    /swagger/*any             --> github.com/swaggo/gin-swagger.CustomWrapHandler.func1 (3 handlers)
[GIN-debug] GET    /auth                     --> gogin/routers/api/v1/controller.GetToken (3 handlers)
[GIN-debug] GET    /api/v1/tag/getTags       --> gogin/routers/api/v1/controller.GetTags (4 handlers)
[GIN-debug] GET    /api/v1/tag/getTag/:id    --> gogin/routers/api/v1/controller.GetTagById (4 handlers)
[GIN-debug] POST   /api/v1/tag/addTag        --> gogin/routers/api/v1/controller.AddTag (4 handlers)
[GIN-debug] PUT    /api/v1/tag/updateTag/:id --> gogin/routers/api/v1/controller.EditTag (4 handlers)
[GIN-debug] DELETE /api/v1/tag/delTag/:id    --> gogin/routers/api/v1/controller.RemoveTag (4 handlers)
[GIN-debug] POST   /api/v1/file/uploadOSS    --> gogin/routers/api/v1/controller.UploadOSS (4 handlers)
[GIN-debug] GET    /api/v1/file/downloadOSS  --> gogin/routers/api/v1/controller.DownloadOSS (4 handlers)
[GIN-debug] POST   /api/v1/file/testFile     --> gogin/routers/api/v1/controller.TestFile (4 handlers)
[GIN-debug] GET    /baidu                    --> gogin/routers.InitRouter.func3 (3 handlers)
[GIN-debug] GET    /long_async               --> gogin/routers.InitRouter.func4 (3 handlers)
[GIN-debug] GET    /long_sync                --> gogin/routers.InitRouter.func5 (3 handlers)
[GIN-debug] Loaded HTML Templates (2): 
	- 
	- index.html

[GIN-debug] GET    /index                    --> gogin/routers.InitRouter.func7 (3 handlers)
[GIN] 2022/05/09 - 16:34:46 | 200 |    131.4588ms |             ::1 | POST     "/api/v1/file/uploadOSS"
[GIN-debug] [WARNING] Running in "debug" mode. Switch to "release" mode in production.
 - using env:	export GIN_MODE=release
 - using code:	gin.SetMode(gin.ReleaseMode)

[GIN-debug] GET    /test                     --> gogin/routers.InitRouter.func1 (3 handlers)
[GIN-debug] POST   /user/:name/*action       --> gogin/routers.InitRouter.func2 (3 handlers)
[GIN-debug] GET    /swagger/*any             --> github.com/swaggo/gin-swagger.CustomWrapHandler.func1 (3 handlers)
[GIN-debug] GET    /auth                     --> gogin/routers/api/v1/controller.GetToken (3 handlers)
[GIN-debug] GET    /api/v1/tag/getTags       --> gogin/routers/api/v1/controller.GetTags (4 handlers)
[GIN-debug] GET    /api/v1/tag/getTag/:id    --> gogin/routers/api/v1/controller.GetTagById (4 handlers)
[GIN-debug] POST   /api/v1/tag/addTag        --> gogin/routers/api/v1/controller.AddTag (4 handlers)
[GIN-debug] PUT    /api/v1/tag/updateTag/:id --> gogin/routers/api/v1/controller.EditTag (4 handlers)
[GIN-debug] DELETE /api/v1/tag/delTag/:id    --> gogin/routers/api/v1/controller.RemoveTag (4 handlers)
[GIN-debug] POST   /api/v1/file/uploadOSS    --> gogin/routers/api/v1/controller.UploadOSS (4 handlers)
[GIN-debug] GET    /api/v1/file/downloadOSS  --> gogin/routers/api/v1/controller.DownloadOSS (4 handlers)
[GIN-debug] POST   /api/v1/file/testFile     --> gogin/routers/api/v1/controller.TestFile (4 handlers)
[GIN-debug] DELETE /api/v1/file/testFile     --> gogin/routers/api/v1/controller.DeleteOSS (4 handlers)
[GIN-debug] GET    /baidu                    --> gogin/routers.InitRouter.func3 (3 handlers)
[GIN-debug] GET    /long_async               --> gogin/routers.InitRouter.func4 (3 handlers)
[GIN-debug] GET    /long_sync                --> gogin/routers.InitRouter.func5 (3 handlers)
[GIN-debug] Loaded HTML Templates (2): 
	- 
	- index.html

[GIN-debug] GET    /index                    --> gogin/routers.InitRouter.func7 (3 handlers)
[GIN-debug] [WARNING] Running in "debug" mode. Switch to "release" mode in production.
 - using env:	export GIN_MODE=release
 - using code:	gin.SetMode(gin.ReleaseMode)

[GIN-debug] GET    /test                     --> gogin/routers.InitRouter.func1 (3 handlers)
[GIN-debug] POST   /user/:name/*action       --> gogin/routers.InitRouter.func2 (3 handlers)
[GIN-debug] GET    /swagger/*any             --> github.com/swaggo/gin-swagger.CustomWrapHandler.func1 (3 handlers)
[GIN-debug] GET    /auth                     --> gogin/routers/api/v1/controller.GetToken (3 handlers)
[GIN-debug] GET    /api/v1/tag/getTags       --> gogin/routers/api/v1/controller.GetTags (4 handlers)
[GIN-debug] GET    /api/v1/tag/getTag/:id    --> gogin/routers/api/v1/controller.GetTagById (4 handlers)
[GIN-debug] POST   /api/v1/tag/addTag        --> gogin/routers/api/v1/controller.AddTag (4 handlers)
[GIN-debug] PUT    /api/v1/tag/updateTag/:id --> gogin/routers/api/v1/controller.EditTag (4 handlers)
[GIN-debug] DELETE /api/v1/tag/delTag/:id    --> gogin/routers/api/v1/controller.RemoveTag (4 handlers)
[GIN-debug] POST   /api/v1/file/uploadOSS    --> gogin/routers/api/v1/controller.UploadOSS (4 handlers)
[GIN-debug] GET    /api/v1/file/downloadOSS  --> gogin/routers/api/v1/controller.DownloadOSS (4 handlers)
[GIN-debug] POST   /api/v1/file/testFile     --> gogin/routers/api/v1/controller.TestFile (4 handlers)
[GIN-debug] DELETE /api/v1/file/deleteOSS    --> gogin/routers/api/v1/controller.DeleteOSS (4 handlers)
[GIN-debug] GET    /baidu                    --> gogin/routers.InitRouter.func3 (3 handlers)
[GIN-debug] GET    /long_async               --> gogin/routers.InitRouter.func4 (3 handlers)
[GIN-debug] GET    /long_sync                --> gogin/routers.InitRouter.func5 (3 handlers)
[GIN-debug] Loaded HTML Templates (2): 
	- 
	- index.html

[GIN-debug] GET    /index                    --> gogin/routers.InitRouter.func7 (3 handlers)
[GIN] 2022/05/09 - 17:00:06 | 404 |            0s |             ::1 | POST     "/api/v1/file/deleteOSS?imageUrl=https://srb-1130.oss-cn-shenzhen.aliyuncs.com/gogin/16cfd547d837272e28cad04b5c42fa6e.png"
[GIN-debug] [WARNING] Running in "debug" mode. Switch to "release" mode in production.
 - using env:	export GIN_MODE=release
 - using code:	gin.SetMode(gin.ReleaseMode)

[GIN-debug] GET    /test                     --> gogin/routers.InitRouter.func1 (3 handlers)
[GIN-debug] POST   /user/:name/*action       --> gogin/routers.InitRouter.func2 (3 handlers)
[GIN-debug] GET    /swagger/*any             --> github.com/swaggo/gin-swagger.CustomWrapHandler.func1 (3 handlers)
[GIN-debug] GET    /auth                     --> gogin/routers/api/v1/controller.GetToken (3 handlers)
[GIN-debug] GET    /api/v1/tag/getTags       --> gogin/routers/api/v1/controller.GetTags (4 handlers)
[GIN-debug] GET    /api/v1/tag/getTag/:id    --> gogin/routers/api/v1/controller.GetTagById (4 handlers)
[GIN-debug] POST   /api/v1/tag/addTag        --> gogin/routers/api/v1/controller.AddTag (4 handlers)
[GIN-debug] PUT    /api/v1/tag/updateTag/:id --> gogin/routers/api/v1/controller.EditTag (4 handlers)
[GIN-debug] DELETE /api/v1/tag/delTag/:id    --> gogin/routers/api/v1/controller.RemoveTag (4 handlers)
[GIN-debug] POST   /api/v1/file/uploadOSS    --> gogin/routers/api/v1/controller.UploadOSS (4 handlers)
[GIN-debug] GET    /api/v1/file/downloadOSS  --> gogin/routers/api/v1/controller.DownloadOSS (4 handlers)
[GIN-debug] POST   /api/v1/file/testFile     --> gogin/routers/api/v1/controller.TestFile (4 handlers)
[GIN-debug] DELETE /api/v1/file/deleteOSS    --> gogin/routers/api/v1/controller.DeleteOSS (4 handlers)
[GIN-debug] GET    /baidu                    --> gogin/routers.InitRouter.func3 (3 handlers)
[GIN-debug] GET    /long_async               --> gogin/routers.InitRouter.func4 (3 handlers)
[GIN-debug] GET    /long_sync                --> gogin/routers.InitRouter.func5 (3 handlers)
[GIN-debug] Loaded HTML Templates (2): 
	- 
	- index.html

[GIN-debug] GET    /index                    --> gogin/routers.InitRouter.func7 (3 handlers)
[GIN] 2022/05/09 - 17:22:44 | 200 |    4.1586014s |             ::1 | DELETE   "/api/v1/file/deleteOSS"
[GIN-debug] [WARNING] Running in "debug" mode. Switch to "release" mode in production.
 - using env:	export GIN_MODE=release
 - using code:	gin.SetMode(gin.ReleaseMode)

[GIN-debug] GET    /test                     --> gogin/routers.InitRouter.func1 (3 handlers)
[GIN-debug] POST   /user/:name/*action       --> gogin/routers.InitRouter.func2 (3 handlers)
[GIN-debug] GET    /swagger/*any             --> github.com/swaggo/gin-swagger.CustomWrapHandler.func1 (3 handlers)
[GIN-debug] GET    /auth                     --> gogin/routers/api/v1/controller.GetToken (3 handlers)
[GIN-debug] GET    /api/v1/tag/getTags       --> gogin/routers/api/v1/controller.GetTags (4 handlers)
[GIN-debug] GET    /api/v1/tag/getTag/:id    --> gogin/routers/api/v1/controller.GetTagById (4 handlers)
[GIN-debug] POST   /api/v1/tag/addTag        --> gogin/routers/api/v1/controller.AddTag (4 handlers)
[GIN-debug] PUT    /api/v1/tag/updateTag/:id --> gogin/routers/api/v1/controller.EditTag (4 handlers)
[GIN-debug] DELETE /api/v1/tag/delTag/:id    --> gogin/routers/api/v1/controller.RemoveTag (4 handlers)
[GIN-debug] POST   /api/v1/file/uploadOSS    --> gogin/routers/api/v1/controller.UploadOSS (4 handlers)
[GIN-debug] GET    /api/v1/file/downloadOSS  --> gogin/routers/api/v1/controller.DownloadOSS (4 handlers)
[GIN-debug] POST   /api/v1/file/testFile     --> gogin/routers/api/v1/controller.TestFile (4 handlers)
[GIN-debug] DELETE /api/v1/file/deleteOSS    --> gogin/routers/api/v1/controller.DeleteOSS (4 handlers)
[GIN-debug] GET    /baidu                    --> gogin/routers.InitRouter.func3 (3 handlers)
[GIN-debug] GET    /long_async               --> gogin/routers.InitRouter.func4 (3 handlers)
[GIN-debug] GET    /long_sync                --> gogin/routers.InitRouter.func5 (3 handlers)
[GIN-debug] Loaded HTML Templates (2): 
	- 
	- index.html

[GIN-debug] GET    /index                    --> gogin/routers.InitRouter.func7 (3 handlers)
[GIN-debug] [WARNING] Running in "debug" mode. Switch to "release" mode in production.
 - using env:	export GIN_MODE=release
 - using code:	gin.SetMode(gin.ReleaseMode)

[GIN-debug] GET    /test                     --> gogin/routers.InitRouter.func1 (3 handlers)
[GIN-debug] POST   /user/:name/*action       --> gogin/routers.InitRouter.func2 (3 handlers)
[GIN-debug] GET    /swagger/*any             --> github.com/swaggo/gin-swagger.CustomWrapHandler.func1 (3 handlers)
[GIN-debug] GET    /auth                     --> gogin/routers/api/v1/controller.GetToken (3 handlers)
[GIN-debug] GET    /api/v1/tag/getTags       --> gogin/routers/api/v1/controller.GetTags (4 handlers)
[GIN-debug] GET    /api/v1/tag/getTag/:id    --> gogin/routers/api/v1/controller.GetTagById (4 handlers)
[GIN-debug] POST   /api/v1/tag/addTag        --> gogin/routers/api/v1/controller.AddTag (4 handlers)
[GIN-debug] PUT    /api/v1/tag/updateTag/:id --> gogin/routers/api/v1/controller.EditTag (4 handlers)
[GIN-debug] DELETE /api/v1/tag/delTag/:id    --> gogin/routers/api/v1/controller.RemoveTag (4 handlers)
[GIN-debug] POST   /api/v1/file/uploadOSS    --> gogin/routers/api/v1/controller.UploadOSS (4 handlers)
[GIN-debug] GET    /api/v1/file/downloadOSS  --> gogin/routers/api/v1/controller.DownloadOSS (4 handlers)
[GIN-debug] POST   /api/v1/file/testFile     --> gogin/routers/api/v1/controller.TestFile (4 handlers)
[GIN-debug] DELETE /api/v1/file/deleteOSS    --> gogin/routers/api/v1/controller.DeleteOSS (4 handlers)
[GIN-debug] GET    /baidu                    --> gogin/routers.InitRouter.func3 (3 handlers)
[GIN-debug] GET    /long_async               --> gogin/routers.InitRouter.func4 (3 handlers)
[GIN-debug] GET    /long_sync                --> gogin/routers.InitRouter.func5 (3 handlers)
[GIN-debug] Loaded HTML Templates (2): 
	- 
	- index.html

[GIN-debug] GET    /index                    --> gogin/routers.InitRouter.func7 (3 handlers)
[GIN] 2022/05/09 - 17:23:33 | 200 |     61.6372ms |             ::1 | DELETE   "/api/v1/file/deleteOSS"
